[2.978s] Invoking command in '/home/wiredauv2024/AUV/WIRED24-25/ros2/src/py_pubsub': PYTHONPATH=/home/wiredauv2024/AUV/WIRED24-25/ros2/build/py_pubsub/prefix_override:/usr/lib/python3/dist-packages/colcon_core/task/python/colcon_distutils_commands:/home/wiredauv2024/AUV/WIRED24-25/ros2/install/py_pubsub/lib/python3.8/site-packages:${PYTHONPATH} /usr/bin/python3 -W ignore:setup.py install is deprecated -W ignore:easy_install command is deprecated setup.py egg_info --egg-base ../../build/py_pubsub build --build-base /home/wiredauv2024/AUV/WIRED24-25/ros2/build/py_pubsub/build install --record /home/wiredauv2024/AUV/WIRED24-25/ros2/build/py_pubsub/install.log --single-version-externally-managed install_data
[3.580s] running egg_info
[3.580s] creating ../../build/py_pubsub/py_pubsub.egg-info
[3.581s] writing ../../build/py_pubsub/py_pubsub.egg-info/PKG-INFO
[3.581s] writing dependency_links to ../../build/py_pubsub/py_pubsub.egg-info/dependency_links.txt
[3.581s] writing entry points to ../../build/py_pubsub/py_pubsub.egg-info/entry_points.txt
[3.582s] writing requirements to ../../build/py_pubsub/py_pubsub.egg-info/requires.txt
[3.582s] writing top-level names to ../../build/py_pubsub/py_pubsub.egg-info/top_level.txt
[3.726s] writing manifest file '../../build/py_pubsub/py_pubsub.egg-info/SOURCES.txt'
[3.730s] reading manifest file '../../build/py_pubsub/py_pubsub.egg-info/SOURCES.txt'
[3.732s] writing manifest file '../../build/py_pubsub/py_pubsub.egg-info/SOURCES.txt'
[3.732s] running build
[3.732s] running build_py
[3.732s] creating /home/wiredauv2024/AUV/WIRED24-25/ros2/build/py_pubsub/build
[3.733s] creating /home/wiredauv2024/AUV/WIRED24-25/ros2/build/py_pubsub/build/lib
[3.733s] creating /home/wiredauv2024/AUV/WIRED24-25/ros2/build/py_pubsub/build/lib/py_pubsub
[3.733s] copying py_pubsub/subscriber_member_function.py -> /home/wiredauv2024/AUV/WIRED24-25/ros2/build/py_pubsub/build/lib/py_pubsub
[3.733s] copying py_pubsub/publisher_member_function.py -> /home/wiredauv2024/AUV/WIRED24-25/ros2/build/py_pubsub/build/lib/py_pubsub
[3.733s] copying py_pubsub/__init__.py -> /home/wiredauv2024/AUV/WIRED24-25/ros2/build/py_pubsub/build/lib/py_pubsub
[3.734s] running install
[3.736s] running install_lib
[3.738s] creating /home/wiredauv2024/AUV/WIRED24-25/ros2/install/py_pubsub/lib/python3.8/site-packages/py_pubsub
[3.738s] copying /home/wiredauv2024/AUV/WIRED24-25/ros2/build/py_pubsub/build/lib/py_pubsub/subscriber_member_function.py -> /home/wiredauv2024/AUV/WIRED24-25/ros2/install/py_pubsub/lib/python3.8/site-packages/py_pubsub
[3.738s] copying /home/wiredauv2024/AUV/WIRED24-25/ros2/build/py_pubsub/build/lib/py_pubsub/publisher_member_function.py -> /home/wiredauv2024/AUV/WIRED24-25/ros2/install/py_pubsub/lib/python3.8/site-packages/py_pubsub
[3.738s] copying /home/wiredauv2024/AUV/WIRED24-25/ros2/build/py_pubsub/build/lib/py_pubsub/__init__.py -> /home/wiredauv2024/AUV/WIRED24-25/ros2/install/py_pubsub/lib/python3.8/site-packages/py_pubsub
[3.740s] byte-compiling /home/wiredauv2024/AUV/WIRED24-25/ros2/install/py_pubsub/lib/python3.8/site-packages/py_pubsub/subscriber_member_function.py to subscriber_member_function.cpython-38.pyc
[3.741s] byte-compiling /home/wiredauv2024/AUV/WIRED24-25/ros2/install/py_pubsub/lib/python3.8/site-packages/py_pubsub/publisher_member_function.py to publisher_member_function.cpython-38.pyc
[3.741s] byte-compiling /home/wiredauv2024/AUV/WIRED24-25/ros2/install/py_pubsub/lib/python3.8/site-packages/py_pubsub/__init__.py to __init__.cpython-38.pyc
[3.742s] running install_data
[3.742s] running install_egg_info
[3.746s] Copying ../../build/py_pubsub/py_pubsub.egg-info to /home/wiredauv2024/AUV/WIRED24-25/ros2/install/py_pubsub/lib/python3.8/site-packages/py_pubsub-0.0.0-py3.8.egg-info
[3.748s] running install_scripts
[3.790s] Installing listener script to /home/wiredauv2024/AUV/WIRED24-25/ros2/install/py_pubsub/lib/py_pubsub
[3.791s] Installing talker script to /home/wiredauv2024/AUV/WIRED24-25/ros2/install/py_pubsub/lib/py_pubsub
[3.791s] writing list of installed files to '/home/wiredauv2024/AUV/WIRED24-25/ros2/build/py_pubsub/install.log'
[3.884s] Invoked command in '/home/wiredauv2024/AUV/WIRED24-25/ros2/src/py_pubsub' returned '0': PYTHONPATH=/home/wiredauv2024/AUV/WIRED24-25/ros2/build/py_pubsub/prefix_override:/usr/lib/python3/dist-packages/colcon_core/task/python/colcon_distutils_commands:/home/wiredauv2024/AUV/WIRED24-25/ros2/install/py_pubsub/lib/python3.8/site-packages:${PYTHONPATH} /usr/bin/python3 -W ignore:setup.py install is deprecated -W ignore:easy_install command is deprecated setup.py egg_info --egg-base ../../build/py_pubsub build --build-base /home/wiredauv2024/AUV/WIRED24-25/ros2/build/py_pubsub/build install --record /home/wiredauv2024/AUV/WIRED24-25/ros2/build/py_pubsub/install.log --single-version-externally-managed install_data
