-- The C compiler identification is GNU 9.4.0
-- The CXX compiler identification is GNU 9.4.0
-- Check for working C compiler: /usr/bin/cc
-- Check for working C compiler: /usr/bin/cc -- works
-- Detecting C compiler ABI info
-- Detecting C compiler ABI info - done
-- Detecting C compile features
-- Detecting C compile features - done
-- Check for working CXX compiler: /usr/bin/c++
-- Check for working CXX compiler: /usr/bin/c++ -- works
-- Detecting CXX compiler ABI info
-- Detecting CXX compiler ABI info - done
-- Detecting CXX compile features
-- Detecting CXX compile features - done
-- Found ament_cmake: 1.1.6 (/opt/ros/galactic/share/ament_cmake/cmake)
-- Found PythonInterp: /usr/bin/python3 (found suitable version "3.8.10", minimum required is "3") 
-- Using PYTHON_EXECUTABLE: /usr/bin/python3
-- Found ament_lint_auto: 0.10.7 (/opt/ros/galactic/share/ament_lint_auto/cmake)
-- Added test 'copyright' to check source files copyright and LICENSE
-- Added test 'lint_cmake' to check CMake code style
-- Added test 'xmllint' to check XML markup files
-- Configuring done
-- Generating done
-- Build files have been written to: /home/wiredauv2024/AUV/WIRED24-25/ros2/build/packageSample
-- Install configuration: ""
-- Installing: /home/wiredauv2024/AUV/WIRED24-25/ros2/install/packageSample/share/ament_index/resource_index/package_run_dependencies/packageSample
-- Installing: /home/wiredauv2024/AUV/WIRED24-25/ros2/install/packageSample/share/ament_index/resource_index/parent_prefix_path/packageSample
-- Installing: /home/wiredauv2024/AUV/WIRED24-25/ros2/install/packageSample/share/packageSample/environment/ament_prefix_path.sh
-- Installing: /home/wiredauv2024/AUV/WIRED24-25/ros2/install/packageSample/share/packageSample/environment/ament_prefix_path.dsv
-- Installing: /home/wiredauv2024/AUV/WIRED24-25/ros2/install/packageSample/share/packageSample/environment/path.sh
-- Installing: /home/wiredauv2024/AUV/WIRED24-25/ros2/install/packageSample/share/packageSample/environment/path.dsv
-- Installing: /home/wiredauv2024/AUV/WIRED24-25/ros2/install/packageSample/share/packageSample/local_setup.bash
-- Installing: /home/wiredauv2024/AUV/WIRED24-25/ros2/install/packageSample/share/packageSample/local_setup.sh
-- Installing: /home/wiredauv2024/AUV/WIRED24-25/ros2/install/packageSample/share/packageSample/local_setup.zsh
-- Installing: /home/wiredauv2024/AUV/WIRED24-25/ros2/install/packageSample/share/packageSample/local_setup.dsv
-- Installing: /home/wiredauv2024/AUV/WIRED24-25/ros2/install/packageSample/share/packageSample/package.dsv
-- Installing: /home/wiredauv2024/AUV/WIRED24-25/ros2/install/packageSample/share/ament_index/resource_index/packages/packageSample
-- Installing: /home/wiredauv2024/AUV/WIRED24-25/ros2/install/packageSample/share/packageSample/cmake/packageSampleConfig.cmake
-- Installing: /home/wiredauv2024/AUV/WIRED24-25/ros2/install/packageSample/share/packageSample/cmake/packageSampleConfig-version.cmake
-- Installing: /home/wiredauv2024/AUV/WIRED24-25/ros2/install/packageSample/share/packageSample/package.xml
