[0.187s] Invoking command in '/home/wiredauv2024/AUV/WIRED24-25/ros2/build/packageSample': CMAKE_PREFIX_PATH=/opt/ros/galactic /usr/bin/cmake /home/wiredauv2024/AUV/WIRED24-25/ros2/src/packageSample -DCMAKE_INSTALL_PREFIX=/home/wiredauv2024/AUV/WIRED24-25/ros2/install/packageSample
[0.668s] -- The C compiler identification is GNU 9.4.0
[0.933s] -- The CXX compiler identification is GNU 9.4.0
[0.952s] -- Check for working C compiler: /usr/bin/cc
[1.219s] -- Check for working C compiler: /usr/bin/cc -- works
[1.313s] -- Detecting C compiler ABI info
[1.585s] -- Detecting C compiler ABI info - done
[1.635s] -- Detecting C compile features
[1.637s] -- Detecting C compile features - done
[1.649s] -- Check for working CXX compiler: /usr/bin/c++
[1.906s] -- Check for working CXX compiler: /usr/bin/c++ -- works
[1.908s] -- Detecting CXX compiler ABI info
[2.230s] -- Detecting CXX compiler ABI info - done
[2.254s] -- Detecting CXX compile features
[2.255s] -- Detecting CXX compile features - done
[2.403s] -- Found ament_cmake: 1.1.6 (/opt/ros/galactic/share/ament_cmake/cmake)
[2.611s] -- Found PythonInterp: /usr/bin/python3 (found suitable version "3.8.10", minimum required is "3") 
[2.611s] -- Using PYTHON_EXECUTABLE: /usr/bin/python3
[3.265s] -- Found ament_lint_auto: 0.10.7 (/opt/ros/galactic/share/ament_lint_auto/cmake)
[3.372s] WARNING: Package name "packageSample" does not follow the naming conventions. It should start with a lower case letter and only contain lower case letters, digits, underscores, and dashes.
[3.600s] -- Added test 'copyright' to check source files copyright and LICENSE
[3.604s] -- Added test 'lint_cmake' to check CMake code style
[3.607s] -- Added test 'xmllint' to check XML markup files
[3.612s] -- Configuring done
[3.617s] -- Generating done
[3.620s] -- Build files have been written to: /home/wiredauv2024/AUV/WIRED24-25/ros2/build/packageSample
[3.633s] Invoked command in '/home/wiredauv2024/AUV/WIRED24-25/ros2/build/packageSample' returned '0': CMAKE_PREFIX_PATH=/opt/ros/galactic /usr/bin/cmake /home/wiredauv2024/AUV/WIRED24-25/ros2/src/packageSample -DCMAKE_INSTALL_PREFIX=/home/wiredauv2024/AUV/WIRED24-25/ros2/install/packageSample
[3.642s] Invoking command in '/home/wiredauv2024/AUV/WIRED24-25/ros2/build/packageSample': CMAKE_PREFIX_PATH=/opt/ros/galactic /usr/bin/cmake --build /home/wiredauv2024/AUV/WIRED24-25/ros2/build/packageSample -- -j6 -l6
[3.742s] Invoked command in '/home/wiredauv2024/AUV/WIRED24-25/ros2/build/packageSample' returned '0': CMAKE_PREFIX_PATH=/opt/ros/galactic /usr/bin/cmake --build /home/wiredauv2024/AUV/WIRED24-25/ros2/build/packageSample -- -j6 -l6
[3.751s] Invoking command in '/home/wiredauv2024/AUV/WIRED24-25/ros2/build/packageSample': CMAKE_PREFIX_PATH=/opt/ros/galactic /usr/bin/cmake --install /home/wiredauv2024/AUV/WIRED24-25/ros2/build/packageSample
[3.776s] -- Install configuration: ""
[3.777s] -- Installing: /home/wiredauv2024/AUV/WIRED24-25/ros2/install/packageSample/share/ament_index/resource_index/package_run_dependencies/packageSample
[3.777s] -- Installing: /home/wiredauv2024/AUV/WIRED24-25/ros2/install/packageSample/share/ament_index/resource_index/parent_prefix_path/packageSample
[3.778s] -- Installing: /home/wiredauv2024/AUV/WIRED24-25/ros2/install/packageSample/share/packageSample/environment/ament_prefix_path.sh
[3.778s] -- Installing: /home/wiredauv2024/AUV/WIRED24-25/ros2/install/packageSample/share/packageSample/environment/ament_prefix_path.dsv
[3.778s] -- Installing: /home/wiredauv2024/AUV/WIRED24-25/ros2/install/packageSample/share/packageSample/environment/path.sh
[3.778s] -- Installing: /home/wiredauv2024/AUV/WIRED24-25/ros2/install/packageSample/share/packageSample/environment/path.dsv
[3.779s] -- Installing: /home/wiredauv2024/AUV/WIRED24-25/ros2/install/packageSample/share/packageSample/local_setup.bash
[3.779s] -- Installing: /home/wiredauv2024/AUV/WIRED24-25/ros2/install/packageSample/share/packageSample/local_setup.sh
[3.779s] -- Installing: /home/wiredauv2024/AUV/WIRED24-25/ros2/install/packageSample/share/packageSample/local_setup.zsh
[3.780s] -- Installing: /home/wiredauv2024/AUV/WIRED24-25/ros2/install/packageSample/share/packageSample/local_setup.dsv
[3.780s] -- Installing: /home/wiredauv2024/AUV/WIRED24-25/ros2/install/packageSample/share/packageSample/package.dsv
[3.780s] -- Installing: /home/wiredauv2024/AUV/WIRED24-25/ros2/install/packageSample/share/ament_index/resource_index/packages/packageSample
[3.781s] -- Installing: /home/wiredauv2024/AUV/WIRED24-25/ros2/install/packageSample/share/packageSample/cmake/packageSampleConfig.cmake
[3.781s] -- Installing: /home/wiredauv2024/AUV/WIRED24-25/ros2/install/packageSample/share/packageSample/cmake/packageSampleConfig-version.cmake
[3.781s] -- Installing: /home/wiredauv2024/AUV/WIRED24-25/ros2/install/packageSample/share/packageSample/package.xml
[3.790s] Invoked command in '/home/wiredauv2024/AUV/WIRED24-25/ros2/build/packageSample' returned '0': CMAKE_PREFIX_PATH=/opt/ros/galactic /usr/bin/cmake --install /home/wiredauv2024/AUV/WIRED24-25/ros2/build/packageSample
