[0.308s] Invoking command in '/home/wiredauv2024/AUV/WIRED24-25/ros2/build/turtlesim': CMAKE_PREFIX_PATH=/opt/ros/galactic /usr/bin/cmake --build /home/wiredauv2024/AUV/WIRED24-25/ros2/build/turtlesim -- -j6 -l6
[0.830s] [  1%] Built target turtlesim__cpp
[0.839s] [ 11%] Built target turtlesim__rosidl_generator_c
[1.183s] [ 41%] Built target turtlesim__rosidl_typesupport_cpp
[1.183s] [ 51%] Built target turtlesim__rosidl_typesupport_c
[1.183s] [ 41%] Built target turtlesim__rosidl_typesupport_introspection_c
[1.184s] [ 41%] Built target turtlesim__rosidl_typesupport_introspection_cpp
[1.199s] [ 61%] Built target turtlesim__rosidl_typesupport_fastrtps_cpp
[1.520s] [ 71%] Built target turtlesim__rosidl_typesupport_fastrtps_c
[1.836s] [ 71%] Built target turtlesim
[2.019s] [ 72%] Built target turtlesim__py
[2.040s] [ 78%] Built target turtle_teleop_key
[2.040s] [ 78%] Built target mimic
[2.041s] [ 78%] Built target draw_square
[2.076s] [ 84%] Built target turtlesim_node
[2.097s] [ 93%] Built target turtlesim__python
[2.161s] [100%] Built target turtlesim__rosidl_typesupport_fastrtps_c__pyext
[2.161s] [100%] Built target turtlesim__rosidl_typesupport_c__pyext
[2.161s] [100%] Built target turtlesim__rosidl_typesupport_introspection_c__pyext
[2.199s] Invoked command in '/home/wiredauv2024/AUV/WIRED24-25/ros2/build/turtlesim' returned '0': CMAKE_PREFIX_PATH=/opt/ros/galactic /usr/bin/cmake --build /home/wiredauv2024/AUV/WIRED24-25/ros2/build/turtlesim -- -j6 -l6
[2.237s] Invoking command in '/home/wiredauv2024/AUV/WIRED24-25/ros2/build/turtlesim': CMAKE_PREFIX_PATH=/opt/ros/galactic /usr/bin/cmake --install /home/wiredauv2024/AUV/WIRED24-25/ros2/build/turtlesim
[2.261s] -- Install configuration: ""
[2.262s] -- Up-to-date: /home/wiredauv2024/AUV/WIRED24-25/ros2/install/turtlesim/share/ament_index/resource_index/rosidl_interfaces/turtlesim
[2.262s] -- Up-to-date: /home/wiredauv2024/AUV/WIRED24-25/ros2/install/turtlesim/include/turtlesim
[2.263s] -- Up-to-date: /home/wiredauv2024/AUV/WIRED24-25/ros2/install/turtlesim/include/turtlesim/msg
[2.263s] -- Up-to-date: /home/wiredauv2024/AUV/WIRED24-25/ros2/install/turtlesim/include/turtlesim/msg/rosidl_generator_c__visibility_control.h
[2.263s] -- Up-to-date: /home/wiredauv2024/AUV/WIRED24-25/ros2/install/turtlesim/include/turtlesim/msg/detail
[2.263s] -- Up-to-date: /home/wiredauv2024/AUV/WIRED24-25/ros2/install/turtlesim/include/turtlesim/msg/detail/pose__functions.h
[2.264s] -- Up-to-date: /home/wiredauv2024/AUV/WIRED24-25/ros2/install/turtlesim/include/turtlesim/msg/detail/pose__struct.h
[2.264s] -- Up-to-date: /home/wiredauv2024/AUV/WIRED24-25/ros2/install/turtlesim/include/turtlesim/msg/detail/color__functions.h
[2.264s] -- Up-to-date: /home/wiredauv2024/AUV/WIRED24-25/ros2/install/turtlesim/include/turtlesim/msg/detail/color__type_support.h
[2.264s] -- Up-to-date: /home/wiredauv2024/AUV/WIRED24-25/ros2/install/turtlesim/include/turtlesim/msg/detail/pose__type_support.h
[2.264s] -- Up-to-date: /home/wiredauv2024/AUV/WIRED24-25/ros2/install/turtlesim/include/turtlesim/msg/detail/color__struct.h
[2.264s] -- Up-to-date: /home/wiredauv2024/AUV/WIRED24-25/ros2/install/turtlesim/include/turtlesim/msg/detail/pose__functions.c
[2.265s] -- Up-to-date: /home/wiredauv2024/AUV/WIRED24-25/ros2/install/turtlesim/include/turtlesim/msg/detail/color__functions.c
[2.265s] -- Up-to-date: /home/wiredauv2024/AUV/WIRED24-25/ros2/install/turtlesim/include/turtlesim/msg/pose.h
[2.265s] -- Up-to-date: /home/wiredauv2024/AUV/WIRED24-25/ros2/install/turtlesim/include/turtlesim/msg/color.h
[2.265s] -- Up-to-date: /home/wiredauv2024/AUV/WIRED24-25/ros2/install/turtlesim/include/turtlesim/srv
[2.265s] -- Up-to-date: /home/wiredauv2024/AUV/WIRED24-25/ros2/install/turtlesim/include/turtlesim/srv/kill.h
[2.266s] -- Up-to-date: /home/wiredauv2024/AUV/WIRED24-25/ros2/install/turtlesim/include/turtlesim/srv/teleport_relative.h
[2.266s] -- Up-to-date: /home/wiredauv2024/AUV/WIRED24-25/ros2/install/turtlesim/include/turtlesim/srv/detail
[2.266s] -- Up-to-date: /home/wiredauv2024/AUV/WIRED24-25/ros2/install/turtlesim/include/turtlesim/srv/detail/kill__struct.h
[2.266s] -- Up-to-date: /home/wiredauv2024/AUV/WIRED24-25/ros2/install/turtlesim/include/turtlesim/srv/detail/spawn__functions.h
[2.267s] -- Up-to-date: /home/wiredauv2024/AUV/WIRED24-25/ros2/install/turtlesim/include/turtlesim/srv/detail/spawn__functions.c
[2.267s] -- Up-to-date: /home/wiredauv2024/AUV/WIRED24-25/ros2/install/turtlesim/include/turtlesim/srv/detail/kill__functions.c
[2.267s] -- Up-to-date: /home/wiredauv2024/AUV/WIRED24-25/ros2/install/turtlesim/include/turtlesim/srv/detail/set_pen__struct.h
[2.267s] -- Up-to-date: /home/wiredauv2024/AUV/WIRED24-25/ros2/install/turtlesim/include/turtlesim/srv/detail/teleport_absolute__type_support.h
[2.267s] -- Up-to-date: /home/wiredauv2024/AUV/WIRED24-25/ros2/install/turtlesim/include/turtlesim/srv/detail/kill__type_support.h
[2.268s] -- Up-to-date: /home/wiredauv2024/AUV/WIRED24-25/ros2/install/turtlesim/include/turtlesim/srv/detail/teleport_absolute__functions.h
[2.268s] -- Up-to-date: /home/wiredauv2024/AUV/WIRED24-25/ros2/install/turtlesim/include/turtlesim/srv/detail/spawn__struct.h
[2.268s] -- Up-to-date: /home/wiredauv2024/AUV/WIRED24-25/ros2/install/turtlesim/include/turtlesim/srv/detail/teleport_absolute__struct.h
[2.268s] -- Up-to-date: /home/wiredauv2024/AUV/WIRED24-25/ros2/install/turtlesim/include/turtlesim/srv/detail/teleport_relative__type_support.h
[2.269s] -- Up-to-date: /home/wiredauv2024/AUV/WIRED24-25/ros2/install/turtlesim/include/turtlesim/srv/detail/spawn__type_support.h
[2.269s] -- Up-to-date: /home/wiredauv2024/AUV/WIRED24-25/ros2/install/turtlesim/include/turtlesim/srv/detail/teleport_relative__functions.h
[2.269s] -- Up-to-date: /home/wiredauv2024/AUV/WIRED24-25/ros2/install/turtlesim/include/turtlesim/srv/detail/kill__functions.h
[2.269s] -- Up-to-date: /home/wiredauv2024/AUV/WIRED24-25/ros2/install/turtlesim/include/turtlesim/srv/detail/teleport_relative__functions.c
[2.269s] -- Up-to-date: /home/wiredauv2024/AUV/WIRED24-25/ros2/install/turtlesim/include/turtlesim/srv/detail/set_pen__type_support.h
[2.270s] -- Up-to-date: /home/wiredauv2024/AUV/WIRED24-25/ros2/install/turtlesim/include/turtlesim/srv/detail/set_pen__functions.c
[2.270s] -- Up-to-date: /home/wiredauv2024/AUV/WIRED24-25/ros2/install/turtlesim/include/turtlesim/srv/detail/teleport_absolute__functions.c
[2.270s] -- Up-to-date: /home/wiredauv2024/AUV/WIRED24-25/ros2/install/turtlesim/include/turtlesim/srv/detail/teleport_relative__struct.h
[2.271s] -- Up-to-date: /home/wiredauv2024/AUV/WIRED24-25/ros2/install/turtlesim/include/turtlesim/srv/detail/set_pen__functions.h
[2.271s] -- Up-to-date: /home/wiredauv2024/AUV/WIRED24-25/ros2/install/turtlesim/include/turtlesim/srv/teleport_absolute.h
[2.271s] -- Up-to-date: /home/wiredauv2024/AUV/WIRED24-25/ros2/install/turtlesim/include/turtlesim/srv/spawn.h
[2.271s] -- Up-to-date: /home/wiredauv2024/AUV/WIRED24-25/ros2/install/turtlesim/include/turtlesim/srv/set_pen.h
[2.271s] -- Up-to-date: /home/wiredauv2024/AUV/WIRED24-25/ros2/install/turtlesim/include/turtlesim/action
[2.271s] -- Up-to-date: /home/wiredauv2024/AUV/WIRED24-25/ros2/install/turtlesim/include/turtlesim/action/detail
[2.271s] -- Up-to-date: /home/wiredauv2024/AUV/WIRED24-25/ros2/install/turtlesim/include/turtlesim/action/detail/rotate_absolute__type_support.h
[2.272s] -- Up-to-date: /home/wiredauv2024/AUV/WIRED24-25/ros2/install/turtlesim/include/turtlesim/action/detail/rotate_absolute__functions.c
[2.272s] -- Up-to-date: /home/wiredauv2024/AUV/WIRED24-25/ros2/install/turtlesim/include/turtlesim/action/detail/rotate_absolute__struct.h
[2.272s] -- Up-to-date: /home/wiredauv2024/AUV/WIRED24-25/ros2/install/turtlesim/include/turtlesim/action/detail/rotate_absolute__functions.h
[2.272s] -- Up-to-date: /home/wiredauv2024/AUV/WIRED24-25/ros2/install/turtlesim/include/turtlesim/action/rotate_absolute.h
[2.273s] -- Up-to-date: /home/wiredauv2024/AUV/WIRED24-25/ros2/install/turtlesim/share/turtlesim/environment/library_path.sh
[2.273s] -- Up-to-date: /home/wiredauv2024/AUV/WIRED24-25/ros2/install/turtlesim/share/turtlesim/environment/library_path.dsv
[2.273s] -- Up-to-date: /home/wiredauv2024/AUV/WIRED24-25/ros2/install/turtlesim/lib/libturtlesim__rosidl_generator_c.so
[2.274s] -- Up-to-date: /home/wiredauv2024/AUV/WIRED24-25/ros2/install/turtlesim/include/turtlesim
[2.276s] -- Up-to-date: /home/wiredauv2024/AUV/WIRED24-25/ros2/install/turtlesim/include/turtlesim/msg
[2.276s] -- Up-to-date: /home/wiredauv2024/AUV/WIRED24-25/ros2/install/turtlesim/include/turtlesim/msg/detail
[2.276s] -- Up-to-date: /home/wiredauv2024/AUV/WIRED24-25/ros2/install/turtlesim/include/turtlesim/msg/detail/pose__rosidl_typesupport_fastrtps_c.h
[2.276s] -- Up-to-date: /home/wiredauv2024/AUV/WIRED24-25/ros2/install/turtlesim/include/turtlesim/msg/detail/color__rosidl_typesupport_fastrtps_c.h
[2.277s] -- Up-to-date: /home/wiredauv2024/AUV/WIRED24-25/ros2/install/turtlesim/include/turtlesim/msg/rosidl_typesupport_fastrtps_c__visibility_control.h
[2.277s] -- Up-to-date: /home/wiredauv2024/AUV/WIRED24-25/ros2/install/turtlesim/include/turtlesim/srv
[2.277s] -- Up-to-date: /home/wiredauv2024/AUV/WIRED24-25/ros2/install/turtlesim/include/turtlesim/srv/detail
[2.277s] -- Up-to-date: /home/wiredauv2024/AUV/WIRED24-25/ros2/install/turtlesim/include/turtlesim/srv/detail/set_pen__rosidl_typesupport_fastrtps_c.h
[2.277s] -- Up-to-date: /home/wiredauv2024/AUV/WIRED24-25/ros2/install/turtlesim/include/turtlesim/srv/detail/teleport_relative__rosidl_typesupport_fastrtps_c.h
[2.277s] -- Up-to-date: /home/wiredauv2024/AUV/WIRED24-25/ros2/install/turtlesim/include/turtlesim/srv/detail/kill__rosidl_typesupport_fastrtps_c.h
[2.278s] -- Up-to-date: /home/wiredauv2024/AUV/WIRED24-25/ros2/install/turtlesim/include/turtlesim/srv/detail/spawn__rosidl_typesupport_fastrtps_c.h
[2.278s] -- Up-to-date: /home/wiredauv2024/AUV/WIRED24-25/ros2/install/turtlesim/include/turtlesim/srv/detail/teleport_absolute__rosidl_typesupport_fastrtps_c.h
[2.278s] -- Up-to-date: /home/wiredauv2024/AUV/WIRED24-25/ros2/install/turtlesim/include/turtlesim/action
[2.278s] -- Up-to-date: /home/wiredauv2024/AUV/WIRED24-25/ros2/install/turtlesim/include/turtlesim/action/detail
[2.278s] -- Up-to-date: /home/wiredauv2024/AUV/WIRED24-25/ros2/install/turtlesim/include/turtlesim/action/detail/rotate_absolute__rosidl_typesupport_fastrtps_c.h
[2.278s] -- Up-to-date: /home/wiredauv2024/AUV/WIRED24-25/ros2/install/turtlesim/lib/libturtlesim__rosidl_typesupport_fastrtps_c.so
[2.278s] -- Up-to-date: /home/wiredauv2024/AUV/WIRED24-25/ros2/install/turtlesim/include/turtlesim
[2.279s] -- Up-to-date: /home/wiredauv2024/AUV/WIRED24-25/ros2/install/turtlesim/include/turtlesim/msg
[2.279s] -- Up-to-date: /home/wiredauv2024/AUV/WIRED24-25/ros2/install/turtlesim/include/turtlesim/msg/rosidl_typesupport_fastrtps_cpp__visibility_control.h
[2.279s] -- Up-to-date: /home/wiredauv2024/AUV/WIRED24-25/ros2/install/turtlesim/include/turtlesim/msg/detail
[2.279s] -- Up-to-date: /home/wiredauv2024/AUV/WIRED24-25/ros2/install/turtlesim/include/turtlesim/msg/detail/color__rosidl_typesupport_fastrtps_cpp.hpp
[2.279s] -- Up-to-date: /home/wiredauv2024/AUV/WIRED24-25/ros2/install/turtlesim/include/turtlesim/msg/detail/pose__rosidl_typesupport_fastrtps_cpp.hpp
[2.279s] -- Up-to-date: /home/wiredauv2024/AUV/WIRED24-25/ros2/install/turtlesim/include/turtlesim/msg/detail/dds_fastrtps
[2.279s] -- Up-to-date: /home/wiredauv2024/AUV/WIRED24-25/ros2/install/turtlesim/include/turtlesim/srv
[2.279s] -- Up-to-date: /home/wiredauv2024/AUV/WIRED24-25/ros2/install/turtlesim/include/turtlesim/srv/detail
[2.280s] -- Up-to-date: /home/wiredauv2024/AUV/WIRED24-25/ros2/install/turtlesim/include/turtlesim/srv/detail/teleport_absolute__rosidl_typesupport_fastrtps_cpp.hpp
[2.280s] -- Up-to-date: /home/wiredauv2024/AUV/WIRED24-25/ros2/install/turtlesim/include/turtlesim/srv/detail/spawn__rosidl_typesupport_fastrtps_cpp.hpp
[2.280s] -- Up-to-date: /home/wiredauv2024/AUV/WIRED24-25/ros2/install/turtlesim/include/turtlesim/srv/detail/kill__rosidl_typesupport_fastrtps_cpp.hpp
[2.280s] -- Up-to-date: /home/wiredauv2024/AUV/WIRED24-25/ros2/install/turtlesim/include/turtlesim/srv/detail/teleport_relative__rosidl_typesupport_fastrtps_cpp.hpp
[2.280s] -- Up-to-date: /home/wiredauv2024/AUV/WIRED24-25/ros2/install/turtlesim/include/turtlesim/srv/detail/set_pen__rosidl_typesupport_fastrtps_cpp.hpp
[2.280s] -- Up-to-date: /home/wiredauv2024/AUV/WIRED24-25/ros2/install/turtlesim/include/turtlesim/srv/detail/dds_fastrtps
[2.280s] -- Up-to-date: /home/wiredauv2024/AUV/WIRED24-25/ros2/install/turtlesim/include/turtlesim/action
[2.280s] -- Up-to-date: /home/wiredauv2024/AUV/WIRED24-25/ros2/install/turtlesim/include/turtlesim/action/detail
[2.281s] -- Up-to-date: /home/wiredauv2024/AUV/WIRED24-25/ros2/install/turtlesim/include/turtlesim/action/detail/rotate_absolute__rosidl_typesupport_fastrtps_cpp.hpp
[2.281s] -- Up-to-date: /home/wiredauv2024/AUV/WIRED24-25/ros2/install/turtlesim/include/turtlesim/action/detail/dds_fastrtps
[2.281s] -- Up-to-date: /home/wiredauv2024/AUV/WIRED24-25/ros2/install/turtlesim/lib/libturtlesim__rosidl_typesupport_fastrtps_cpp.so
[2.281s] -- Up-to-date: /home/wiredauv2024/AUV/WIRED24-25/ros2/install/turtlesim/include/turtlesim
[2.281s] -- Up-to-date: /home/wiredauv2024/AUV/WIRED24-25/ros2/install/turtlesim/include/turtlesim/msg
[2.281s] -- Up-to-date: /home/wiredauv2024/AUV/WIRED24-25/ros2/install/turtlesim/include/turtlesim/msg/detail
[2.281s] -- Up-to-date: /home/wiredauv2024/AUV/WIRED24-25/ros2/install/turtlesim/include/turtlesim/msg/detail/color__type_support.c
[2.281s] -- Up-to-date: /home/wiredauv2024/AUV/WIRED24-25/ros2/install/turtlesim/include/turtlesim/msg/detail/pose__rosidl_typesupport_introspection_c.h
[2.282s] -- Up-to-date: /home/wiredauv2024/AUV/WIRED24-25/ros2/install/turtlesim/include/turtlesim/msg/detail/color__rosidl_typesupport_introspection_c.h
[2.282s] -- Up-to-date: /home/wiredauv2024/AUV/WIRED24-25/ros2/install/turtlesim/include/turtlesim/msg/detail/pose__type_support.c
[2.282s] -- Up-to-date: /home/wiredauv2024/AUV/WIRED24-25/ros2/install/turtlesim/include/turtlesim/msg/rosidl_typesupport_introspection_c__visibility_control.h
[2.282s] -- Up-to-date: /home/wiredauv2024/AUV/WIRED24-25/ros2/install/turtlesim/include/turtlesim/srv
[2.282s] -- Up-to-date: /home/wiredauv2024/AUV/WIRED24-25/ros2/install/turtlesim/include/turtlesim/srv/detail
[2.282s] -- Up-to-date: /home/wiredauv2024/AUV/WIRED24-25/ros2/install/turtlesim/include/turtlesim/srv/detail/set_pen__type_support.c
[2.282s] -- Up-to-date: /home/wiredauv2024/AUV/WIRED24-25/ros2/install/turtlesim/include/turtlesim/srv/detail/teleport_relative__rosidl_typesupport_introspection_c.h
[2.282s] -- Up-to-date: /home/wiredauv2024/AUV/WIRED24-25/ros2/install/turtlesim/include/turtlesim/srv/detail/teleport_absolute__rosidl_typesupport_introspection_c.h
[2.283s] -- Up-to-date: /home/wiredauv2024/AUV/WIRED24-25/ros2/install/turtlesim/include/turtlesim/srv/detail/kill__type_support.c
[2.283s] -- Up-to-date: /home/wiredauv2024/AUV/WIRED24-25/ros2/install/turtlesim/include/turtlesim/srv/detail/teleport_absolute__type_support.c
[2.283s] -- Up-to-date: /home/wiredauv2024/AUV/WIRED24-25/ros2/install/turtlesim/include/turtlesim/srv/detail/kill__rosidl_typesupport_introspection_c.h
[2.283s] -- Up-to-date: /home/wiredauv2024/AUV/WIRED24-25/ros2/install/turtlesim/include/turtlesim/srv/detail/spawn__type_support.c
[2.283s] -- Up-to-date: /home/wiredauv2024/AUV/WIRED24-25/ros2/install/turtlesim/include/turtlesim/srv/detail/teleport_relative__type_support.c
[2.283s] -- Up-to-date: /home/wiredauv2024/AUV/WIRED24-25/ros2/install/turtlesim/include/turtlesim/srv/detail/spawn__rosidl_typesupport_introspection_c.h
[2.283s] -- Up-to-date: /home/wiredauv2024/AUV/WIRED24-25/ros2/install/turtlesim/include/turtlesim/srv/detail/set_pen__rosidl_typesupport_introspection_c.h
[2.283s] -- Up-to-date: /home/wiredauv2024/AUV/WIRED24-25/ros2/install/turtlesim/include/turtlesim/action
[2.284s] -- Up-to-date: /home/wiredauv2024/AUV/WIRED24-25/ros2/install/turtlesim/include/turtlesim/action/detail
[2.284s] -- Up-to-date: /home/wiredauv2024/AUV/WIRED24-25/ros2/install/turtlesim/include/turtlesim/action/detail/rotate_absolute__type_support.c
[2.284s] -- Up-to-date: /home/wiredauv2024/AUV/WIRED24-25/ros2/install/turtlesim/include/turtlesim/action/detail/rotate_absolute__rosidl_typesupport_introspection_c.h
[2.284s] -- Up-to-date: /home/wiredauv2024/AUV/WIRED24-25/ros2/install/turtlesim/lib/libturtlesim__rosidl_typesupport_introspection_c.so
[2.284s] -- Up-to-date: /home/wiredauv2024/AUV/WIRED24-25/ros2/install/turtlesim/lib/libturtlesim__rosidl_typesupport_c.so
[2.284s] -- Up-to-date: /home/wiredauv2024/AUV/WIRED24-25/ros2/install/turtlesim/include/turtlesim
[2.284s] -- Up-to-date: /home/wiredauv2024/AUV/WIRED24-25/ros2/install/turtlesim/include/turtlesim/msg
[2.284s] -- Up-to-date: /home/wiredauv2024/AUV/WIRED24-25/ros2/install/turtlesim/include/turtlesim/msg/detail
[2.285s] -- Up-to-date: /home/wiredauv2024/AUV/WIRED24-25/ros2/install/turtlesim/include/turtlesim/msg/detail/pose__builder.hpp
[2.285s] -- Up-to-date: /home/wiredauv2024/AUV/WIRED24-25/ros2/install/turtlesim/include/turtlesim/msg/detail/color__struct.hpp
[2.285s] -- Up-to-date: /home/wiredauv2024/AUV/WIRED24-25/ros2/install/turtlesim/include/turtlesim/msg/detail/pose__traits.hpp
[2.285s] -- Up-to-date: /home/wiredauv2024/AUV/WIRED24-25/ros2/install/turtlesim/include/turtlesim/msg/detail/color__builder.hpp
[2.285s] -- Up-to-date: /home/wiredauv2024/AUV/WIRED24-25/ros2/install/turtlesim/include/turtlesim/msg/detail/pose__struct.hpp
[2.285s] -- Up-to-date: /home/wiredauv2024/AUV/WIRED24-25/ros2/install/turtlesim/include/turtlesim/msg/detail/color__traits.hpp
[2.285s] -- Up-to-date: /home/wiredauv2024/AUV/WIRED24-25/ros2/install/turtlesim/include/turtlesim/msg/color.hpp
[2.285s] -- Up-to-date: /home/wiredauv2024/AUV/WIRED24-25/ros2/install/turtlesim/include/turtlesim/msg/pose.hpp
[2.286s] -- Up-to-date: /home/wiredauv2024/AUV/WIRED24-25/ros2/install/turtlesim/include/turtlesim/srv
[2.286s] -- Up-to-date: /home/wiredauv2024/AUV/WIRED24-25/ros2/install/turtlesim/include/turtlesim/srv/teleport_relative.hpp
[2.286s] -- Up-to-date: /home/wiredauv2024/AUV/WIRED24-25/ros2/install/turtlesim/include/turtlesim/srv/detail
[2.286s] -- Up-to-date: /home/wiredauv2024/AUV/WIRED24-25/ros2/install/turtlesim/include/turtlesim/srv/detail/set_pen__builder.hpp
[2.286s] -- Up-to-date: /home/wiredauv2024/AUV/WIRED24-25/ros2/install/turtlesim/include/turtlesim/srv/detail/set_pen__struct.hpp
[2.286s] -- Up-to-date: /home/wiredauv2024/AUV/WIRED24-25/ros2/install/turtlesim/include/turtlesim/srv/detail/spawn__traits.hpp
[2.286s] -- Up-to-date: /home/wiredauv2024/AUV/WIRED24-25/ros2/install/turtlesim/include/turtlesim/srv/detail/teleport_relative__struct.hpp
[2.286s] -- Up-to-date: /home/wiredauv2024/AUV/WIRED24-25/ros2/install/turtlesim/include/turtlesim/srv/detail/kill__struct.hpp
[2.287s] -- Up-to-date: /home/wiredauv2024/AUV/WIRED24-25/ros2/install/turtlesim/include/turtlesim/srv/detail/kill__traits.hpp
[2.287s] -- Up-to-date: /home/wiredauv2024/AUV/WIRED24-25/ros2/install/turtlesim/include/turtlesim/srv/detail/teleport_relative__builder.hpp
[2.287s] -- Up-to-date: /home/wiredauv2024/AUV/WIRED24-25/ros2/install/turtlesim/include/turtlesim/srv/detail/spawn__builder.hpp
[2.287s] -- Up-to-date: /home/wiredauv2024/AUV/WIRED24-25/ros2/install/turtlesim/include/turtlesim/srv/detail/teleport_absolute__builder.hpp
[2.287s] -- Up-to-date: /home/wiredauv2024/AUV/WIRED24-25/ros2/install/turtlesim/include/turtlesim/srv/detail/spawn__struct.hpp
[2.287s] -- Up-to-date: /home/wiredauv2024/AUV/WIRED24-25/ros2/install/turtlesim/include/turtlesim/srv/detail/teleport_relative__traits.hpp
[2.287s] -- Up-to-date: /home/wiredauv2024/AUV/WIRED24-25/ros2/install/turtlesim/include/turtlesim/srv/detail/teleport_absolute__traits.hpp
[2.287s] -- Up-to-date: /home/wiredauv2024/AUV/WIRED24-25/ros2/install/turtlesim/include/turtlesim/srv/detail/kill__builder.hpp
[2.287s] -- Up-to-date: /home/wiredauv2024/AUV/WIRED24-25/ros2/install/turtlesim/include/turtlesim/srv/detail/set_pen__traits.hpp
[2.288s] -- Up-to-date: /home/wiredauv2024/AUV/WIRED24-25/ros2/install/turtlesim/include/turtlesim/srv/detail/teleport_absolute__struct.hpp
[2.288s] -- Up-to-date: /home/wiredauv2024/AUV/WIRED24-25/ros2/install/turtlesim/include/turtlesim/srv/kill.hpp
[2.288s] -- Up-to-date: /home/wiredauv2024/AUV/WIRED24-25/ros2/install/turtlesim/include/turtlesim/srv/spawn.hpp
[2.288s] -- Up-to-date: /home/wiredauv2024/AUV/WIRED24-25/ros2/install/turtlesim/include/turtlesim/srv/set_pen.hpp
[2.288s] -- Up-to-date: /home/wiredauv2024/AUV/WIRED24-25/ros2/install/turtlesim/include/turtlesim/srv/teleport_absolute.hpp
[2.288s] -- Up-to-date: /home/wiredauv2024/AUV/WIRED24-25/ros2/install/turtlesim/include/turtlesim/action
[2.288s] -- Up-to-date: /home/wiredauv2024/AUV/WIRED24-25/ros2/install/turtlesim/include/turtlesim/action/detail
[2.289s] -- Up-to-date: /home/wiredauv2024/AUV/WIRED24-25/ros2/install/turtlesim/include/turtlesim/action/detail/rotate_absolute__traits.hpp
[2.289s] -- Up-to-date: /home/wiredauv2024/AUV/WIRED24-25/ros2/install/turtlesim/include/turtlesim/action/detail/rotate_absolute__struct.hpp
[2.289s] -- Up-to-date: /home/wiredauv2024/AUV/WIRED24-25/ros2/install/turtlesim/include/turtlesim/action/detail/rotate_absolute__builder.hpp
[2.289s] -- Up-to-date: /home/wiredauv2024/AUV/WIRED24-25/ros2/install/turtlesim/include/turtlesim/action/rotate_absolute.hpp
[2.289s] -- Up-to-date: /home/wiredauv2024/AUV/WIRED24-25/ros2/install/turtlesim/include/turtlesim
[2.289s] -- Up-to-date: /home/wiredauv2024/AUV/WIRED24-25/ros2/install/turtlesim/include/turtlesim/msg
[2.289s] -- Up-to-date: /home/wiredauv2024/AUV/WIRED24-25/ros2/install/turtlesim/include/turtlesim/msg/detail
[2.289s] -- Up-to-date: /home/wiredauv2024/AUV/WIRED24-25/ros2/install/turtlesim/include/turtlesim/msg/detail/pose__type_support.cpp
[2.289s] -- Up-to-date: /home/wiredauv2024/AUV/WIRED24-25/ros2/install/turtlesim/include/turtlesim/msg/detail/color__type_support.cpp
[2.290s] -- Up-to-date: /home/wiredauv2024/AUV/WIRED24-25/ros2/install/turtlesim/include/turtlesim/msg/detail/pose__rosidl_typesupport_introspection_cpp.hpp
[2.290s] -- Up-to-date: /home/wiredauv2024/AUV/WIRED24-25/ros2/install/turtlesim/include/turtlesim/msg/detail/color__rosidl_typesupport_introspection_cpp.hpp
[2.290s] -- Up-to-date: /home/wiredauv2024/AUV/WIRED24-25/ros2/install/turtlesim/include/turtlesim/srv
[2.290s] -- Up-to-date: /home/wiredauv2024/AUV/WIRED24-25/ros2/install/turtlesim/include/turtlesim/srv/detail
[2.290s] -- Up-to-date: /home/wiredauv2024/AUV/WIRED24-25/ros2/install/turtlesim/include/turtlesim/srv/detail/teleport_absolute__rosidl_typesupport_introspection_cpp.hpp
[2.290s] -- Up-to-date: /home/wiredauv2024/AUV/WIRED24-25/ros2/install/turtlesim/include/turtlesim/srv/detail/kill__rosidl_typesupport_introspection_cpp.hpp
[2.290s] -- Up-to-date: /home/wiredauv2024/AUV/WIRED24-25/ros2/install/turtlesim/include/turtlesim/srv/detail/kill__type_support.cpp
[2.290s] -- Up-to-date: /home/wiredauv2024/AUV/WIRED24-25/ros2/install/turtlesim/include/turtlesim/srv/detail/teleport_absolute__type_support.cpp
[2.291s] -- Up-to-date: /home/wiredauv2024/AUV/WIRED24-25/ros2/install/turtlesim/include/turtlesim/srv/detail/spawn__rosidl_typesupport_introspection_cpp.hpp
[2.291s] -- Up-to-date: /home/wiredauv2024/AUV/WIRED24-25/ros2/install/turtlesim/include/turtlesim/srv/detail/teleport_relative__rosidl_typesupport_introspection_cpp.hpp
[2.291s] -- Up-to-date: /home/wiredauv2024/AUV/WIRED24-25/ros2/install/turtlesim/include/turtlesim/srv/detail/set_pen__rosidl_typesupport_introspection_cpp.hpp
[2.291s] -- Up-to-date: /home/wiredauv2024/AUV/WIRED24-25/ros2/install/turtlesim/include/turtlesim/srv/detail/spawn__type_support.cpp
[2.291s] -- Up-to-date: /home/wiredauv2024/AUV/WIRED24-25/ros2/install/turtlesim/include/turtlesim/srv/detail/teleport_relative__type_support.cpp
[2.291s] -- Up-to-date: /home/wiredauv2024/AUV/WIRED24-25/ros2/install/turtlesim/include/turtlesim/srv/detail/set_pen__type_support.cpp
[2.291s] -- Up-to-date: /home/wiredauv2024/AUV/WIRED24-25/ros2/install/turtlesim/include/turtlesim/action
[2.291s] -- Up-to-date: /home/wiredauv2024/AUV/WIRED24-25/ros2/install/turtlesim/include/turtlesim/action/detail
[2.292s] -- Up-to-date: /home/wiredauv2024/AUV/WIRED24-25/ros2/install/turtlesim/include/turtlesim/action/detail/rotate_absolute__type_support.cpp
[2.292s] -- Up-to-date: /home/wiredauv2024/AUV/WIRED24-25/ros2/install/turtlesim/include/turtlesim/action/detail/rotate_absolute__rosidl_typesupport_introspection_cpp.hpp
[2.292s] -- Up-to-date: /home/wiredauv2024/AUV/WIRED24-25/ros2/install/turtlesim/lib/libturtlesim__rosidl_typesupport_introspection_cpp.so
[2.292s] -- Up-to-date: /home/wiredauv2024/AUV/WIRED24-25/ros2/install/turtlesim/lib/libturtlesim__rosidl_typesupport_cpp.so
[2.292s] -- Up-to-date: /home/wiredauv2024/AUV/WIRED24-25/ros2/install/turtlesim/share/turtlesim/environment/pythonpath.sh
[2.292s] -- Up-to-date: /home/wiredauv2024/AUV/WIRED24-25/ros2/install/turtlesim/share/turtlesim/environment/pythonpath.dsv
[2.292s] -- Up-to-date: /home/wiredauv2024/AUV/WIRED24-25/ros2/install/turtlesim/lib/python3.8/site-packages/turtlesim/__init__.py
[2.353s] -- Up-to-date: /home/wiredauv2024/AUV/WIRED24-25/ros2/install/turtlesim/lib/python3.8/site-packages/turtlesim/action
[2.353s] -- Up-to-date: /home/wiredauv2024/AUV/WIRED24-25/ros2/install/turtlesim/lib/python3.8/site-packages/turtlesim/action/_rotate_absolute_s.c
[2.353s] -- Up-to-date: /home/wiredauv2024/AUV/WIRED24-25/ros2/install/turtlesim/lib/python3.8/site-packages/turtlesim/action/_rotate_absolute.py
[2.353s] -- Up-to-date: /home/wiredauv2024/AUV/WIRED24-25/ros2/install/turtlesim/lib/python3.8/site-packages/turtlesim/action/__init__.py
[2.354s] -- Up-to-date: /home/wiredauv2024/AUV/WIRED24-25/ros2/install/turtlesim/lib/python3.8/site-packages/turtlesim/msg
[2.354s] -- Up-to-date: /home/wiredauv2024/AUV/WIRED24-25/ros2/install/turtlesim/lib/python3.8/site-packages/turtlesim/msg/_color_s.c
[2.354s] -- Up-to-date: /home/wiredauv2024/AUV/WIRED24-25/ros2/install/turtlesim/lib/python3.8/site-packages/turtlesim/msg/_color.py
[2.354s] -- Up-to-date: /home/wiredauv2024/AUV/WIRED24-25/ros2/install/turtlesim/lib/python3.8/site-packages/turtlesim/msg/_pose.py
[2.354s] -- Up-to-date: /home/wiredauv2024/AUV/WIRED24-25/ros2/install/turtlesim/lib/python3.8/site-packages/turtlesim/msg/_pose_s.c
[2.354s] -- Up-to-date: /home/wiredauv2024/AUV/WIRED24-25/ros2/install/turtlesim/lib/python3.8/site-packages/turtlesim/msg/__init__.py
[2.355s] -- Up-to-date: /home/wiredauv2024/AUV/WIRED24-25/ros2/install/turtlesim/lib/python3.8/site-packages/turtlesim/srv
[2.355s] -- Up-to-date: /home/wiredauv2024/AUV/WIRED24-25/ros2/install/turtlesim/lib/python3.8/site-packages/turtlesim/srv/_teleport_absolute.py
[2.355s] -- Up-to-date: /home/wiredauv2024/AUV/WIRED24-25/ros2/install/turtlesim/lib/python3.8/site-packages/turtlesim/srv/_teleport_relative.py
[2.355s] -- Up-to-date: /home/wiredauv2024/AUV/WIRED24-25/ros2/install/turtlesim/lib/python3.8/site-packages/turtlesim/srv/_teleport_relative_s.c
[2.355s] -- Up-to-date: /home/wiredauv2024/AUV/WIRED24-25/ros2/install/turtlesim/lib/python3.8/site-packages/turtlesim/srv/_kill_s.c
[2.355s] -- Up-to-date: /home/wiredauv2024/AUV/WIRED24-25/ros2/install/turtlesim/lib/python3.8/site-packages/turtlesim/srv/_kill.py
[2.355s] -- Up-to-date: /home/wiredauv2024/AUV/WIRED24-25/ros2/install/turtlesim/lib/python3.8/site-packages/turtlesim/srv/_set_pen_s.c
[2.355s] -- Up-to-date: /home/wiredauv2024/AUV/WIRED24-25/ros2/install/turtlesim/lib/python3.8/site-packages/turtlesim/srv/_set_pen.py
[2.356s] -- Up-to-date: /home/wiredauv2024/AUV/WIRED24-25/ros2/install/turtlesim/lib/python3.8/site-packages/turtlesim/srv/_spawn_s.c
[2.356s] -- Up-to-date: /home/wiredauv2024/AUV/WIRED24-25/ros2/install/turtlesim/lib/python3.8/site-packages/turtlesim/srv/_teleport_absolute_s.c
[2.356s] -- Up-to-date: /home/wiredauv2024/AUV/WIRED24-25/ros2/install/turtlesim/lib/python3.8/site-packages/turtlesim/srv/__init__.py
[2.356s] -- Up-to-date: /home/wiredauv2024/AUV/WIRED24-25/ros2/install/turtlesim/lib/python3.8/site-packages/turtlesim/srv/_spawn.py
[2.356s] -- Up-to-date: /home/wiredauv2024/AUV/WIRED24-25/ros2/install/turtlesim/lib/python3.8/site-packages/turtlesim/turtlesim_s__rosidl_typesupport_fastrtps_c.cpython-38-aarch64-linux-gnu.so
[2.356s] -- Up-to-date: /home/wiredauv2024/AUV/WIRED24-25/ros2/install/turtlesim/lib/python3.8/site-packages/turtlesim/turtlesim_s__rosidl_typesupport_introspection_c.cpython-38-aarch64-linux-gnu.so
[2.357s] -- Up-to-date: /home/wiredauv2024/AUV/WIRED24-25/ros2/install/turtlesim/lib/python3.8/site-packages/turtlesim/turtlesim_s__rosidl_typesupport_c.cpython-38-aarch64-linux-gnu.so
[2.358s] -- Up-to-date: /home/wiredauv2024/AUV/WIRED24-25/ros2/install/turtlesim/lib/libturtlesim__python.so
[2.358s] -- Up-to-date: /home/wiredauv2024/AUV/WIRED24-25/ros2/install/turtlesim/share/turtlesim/action/RotateAbsolute.idl
[2.358s] -- Up-to-date: /home/wiredauv2024/AUV/WIRED24-25/ros2/install/turtlesim/share/turtlesim/msg/Color.idl
[2.358s] -- Up-to-date: /home/wiredauv2024/AUV/WIRED24-25/ros2/install/turtlesim/share/turtlesim/msg/Pose.idl
[2.358s] -- Up-to-date: /home/wiredauv2024/AUV/WIRED24-25/ros2/install/turtlesim/share/turtlesim/srv/Kill.idl
[2.359s] -- Up-to-date: /home/wiredauv2024/AUV/WIRED24-25/ros2/install/turtlesim/share/turtlesim/srv/SetPen.idl
[2.359s] -- Up-to-date: /home/wiredauv2024/AUV/WIRED24-25/ros2/install/turtlesim/share/turtlesim/srv/Spawn.idl
[2.359s] -- Up-to-date: /home/wiredauv2024/AUV/WIRED24-25/ros2/install/turtlesim/share/turtlesim/srv/TeleportAbsolute.idl
[2.359s] -- Up-to-date: /home/wiredauv2024/AUV/WIRED24-25/ros2/install/turtlesim/share/turtlesim/srv/TeleportRelative.idl
[2.359s] -- Up-to-date: /home/wiredauv2024/AUV/WIRED24-25/ros2/install/turtlesim/share/turtlesim/action/RotateAbsolute.action
[2.359s] -- Up-to-date: /home/wiredauv2024/AUV/WIRED24-25/ros2/install/turtlesim/share/turtlesim/msg/Color.msg
[2.360s] -- Up-to-date: /home/wiredauv2024/AUV/WIRED24-25/ros2/install/turtlesim/share/turtlesim/msg/Pose.msg
[2.360s] -- Up-to-date: /home/wiredauv2024/AUV/WIRED24-25/ros2/install/turtlesim/share/turtlesim/srv/Kill.srv
[2.360s] -- Up-to-date: /home/wiredauv2024/AUV/WIRED24-25/ros2/install/turtlesim/share/turtlesim/srv/Kill_Request.msg
[2.360s] -- Up-to-date: /home/wiredauv2024/AUV/WIRED24-25/ros2/install/turtlesim/share/turtlesim/srv/Kill_Response.msg
[2.360s] -- Up-to-date: /home/wiredauv2024/AUV/WIRED24-25/ros2/install/turtlesim/share/turtlesim/srv/SetPen.srv
[2.361s] -- Up-to-date: /home/wiredauv2024/AUV/WIRED24-25/ros2/install/turtlesim/share/turtlesim/srv/SetPen_Request.msg
[2.361s] -- Up-to-date: /home/wiredauv2024/AUV/WIRED24-25/ros2/install/turtlesim/share/turtlesim/srv/SetPen_Response.msg
[2.361s] -- Up-to-date: /home/wiredauv2024/AUV/WIRED24-25/ros2/install/turtlesim/share/turtlesim/srv/Spawn.srv
[2.361s] -- Up-to-date: /home/wiredauv2024/AUV/WIRED24-25/ros2/install/turtlesim/share/turtlesim/srv/Spawn_Request.msg
[2.361s] -- Up-to-date: /home/wiredauv2024/AUV/WIRED24-25/ros2/install/turtlesim/share/turtlesim/srv/Spawn_Response.msg
[2.361s] -- Up-to-date: /home/wiredauv2024/AUV/WIRED24-25/ros2/install/turtlesim/share/turtlesim/srv/TeleportAbsolute.srv
[2.361s] -- Up-to-date: /home/wiredauv2024/AUV/WIRED24-25/ros2/install/turtlesim/share/turtlesim/srv/TeleportAbsolute_Request.msg
[2.362s] -- Up-to-date: /home/wiredauv2024/AUV/WIRED24-25/ros2/install/turtlesim/share/turtlesim/srv/TeleportAbsolute_Response.msg
[2.362s] -- Up-to-date: /home/wiredauv2024/AUV/WIRED24-25/ros2/install/turtlesim/share/turtlesim/srv/TeleportRelative.srv
[2.362s] -- Up-to-date: /home/wiredauv2024/AUV/WIRED24-25/ros2/install/turtlesim/share/turtlesim/srv/TeleportRelative_Request.msg
[2.362s] -- Up-to-date: /home/wiredauv2024/AUV/WIRED24-25/ros2/install/turtlesim/share/turtlesim/srv/TeleportRelative_Response.msg
[2.362s] -- Up-to-date: /home/wiredauv2024/AUV/WIRED24-25/ros2/install/turtlesim/lib/turtlesim/turtlesim_node
[2.362s] -- Up-to-date: /home/wiredauv2024/AUV/WIRED24-25/ros2/install/turtlesim/lib/turtlesim/turtle_teleop_key
[2.363s] -- Up-to-date: /home/wiredauv2024/AUV/WIRED24-25/ros2/install/turtlesim/lib/turtlesim/draw_square
[2.363s] -- Up-to-date: /home/wiredauv2024/AUV/WIRED24-25/ros2/install/turtlesim/lib/turtlesim/mimic
[2.363s] -- Up-to-date: /home/wiredauv2024/AUV/WIRED24-25/ros2/install/turtlesim/share/turtlesim/images
[2.364s] -- Up-to-date: /home/wiredauv2024/AUV/WIRED24-25/ros2/install/turtlesim/share/turtlesim/images/crystal.png
[2.364s] -- Up-to-date: /home/wiredauv2024/AUV/WIRED24-25/ros2/install/turtlesim/share/turtlesim/images/foxy.png
[2.364s] -- Up-to-date: /home/wiredauv2024/AUV/WIRED24-25/ros2/install/turtlesim/share/turtlesim/images/bouncy.png
[2.364s] -- Up-to-date: /home/wiredauv2024/AUV/WIRED24-25/ros2/install/turtlesim/share/turtlesim/images/dashing.png
[2.364s] -- Up-to-date: /home/wiredauv2024/AUV/WIRED24-25/ros2/install/turtlesim/share/turtlesim/images/ardent.png
[2.365s] -- Up-to-date: /home/wiredauv2024/AUV/WIRED24-25/ros2/install/turtlesim/share/turtlesim/images/galactic.png
[2.365s] -- Up-to-date: /home/wiredauv2024/AUV/WIRED24-25/ros2/install/turtlesim/share/turtlesim/images/eloquent.png
[2.365s] -- Up-to-date: /home/wiredauv2024/AUV/WIRED24-25/ros2/install/turtlesim/share/turtlesim/launch
[2.365s] -- Up-to-date: /home/wiredauv2024/AUV/WIRED24-25/ros2/install/turtlesim/share/turtlesim/launch/multisim.launch.py
[2.365s] -- Up-to-date: /home/wiredauv2024/AUV/WIRED24-25/ros2/install/turtlesim/share/ament_index/resource_index/package_run_dependencies/turtlesim
[2.365s] -- Up-to-date: /home/wiredauv2024/AUV/WIRED24-25/ros2/install/turtlesim/share/ament_index/resource_index/parent_prefix_path/turtlesim
[2.365s] -- Up-to-date: /home/wiredauv2024/AUV/WIRED24-25/ros2/install/turtlesim/share/turtlesim/environment/ament_prefix_path.sh
[2.366s] -- Up-to-date: /home/wiredauv2024/AUV/WIRED24-25/ros2/install/turtlesim/share/turtlesim/environment/ament_prefix_path.dsv
[2.366s] -- Up-to-date: /home/wiredauv2024/AUV/WIRED24-25/ros2/install/turtlesim/share/turtlesim/environment/path.sh
[2.366s] -- Up-to-date: /home/wiredauv2024/AUV/WIRED24-25/ros2/install/turtlesim/share/turtlesim/environment/path.dsv
[2.366s] -- Up-to-date: /home/wiredauv2024/AUV/WIRED24-25/ros2/install/turtlesim/share/turtlesim/local_setup.bash
[2.366s] -- Up-to-date: /home/wiredauv2024/AUV/WIRED24-25/ros2/install/turtlesim/share/turtlesim/local_setup.sh
[2.366s] -- Up-to-date: /home/wiredauv2024/AUV/WIRED24-25/ros2/install/turtlesim/share/turtlesim/local_setup.zsh
[2.366s] -- Up-to-date: /home/wiredauv2024/AUV/WIRED24-25/ros2/install/turtlesim/share/turtlesim/local_setup.dsv
[2.367s] -- Installing: /home/wiredauv2024/AUV/WIRED24-25/ros2/install/turtlesim/share/turtlesim/package.dsv
[2.367s] -- Up-to-date: /home/wiredauv2024/AUV/WIRED24-25/ros2/install/turtlesim/share/ament_index/resource_index/packages/turtlesim
[2.367s] -- Up-to-date: /home/wiredauv2024/AUV/WIRED24-25/ros2/install/turtlesim/share/turtlesim/cmake/turtlesim__rosidl_generator_cExport.cmake
[2.367s] -- Up-to-date: /home/wiredauv2024/AUV/WIRED24-25/ros2/install/turtlesim/share/turtlesim/cmake/turtlesim__rosidl_generator_cExport-noconfig.cmake
[2.367s] -- Up-to-date: /home/wiredauv2024/AUV/WIRED24-25/ros2/install/turtlesim/share/turtlesim/cmake/turtlesim__rosidl_typesupport_introspection_cExport.cmake
[2.367s] -- Up-to-date: /home/wiredauv2024/AUV/WIRED24-25/ros2/install/turtlesim/share/turtlesim/cmake/turtlesim__rosidl_typesupport_introspection_cExport-noconfig.cmake
[2.367s] -- Up-to-date: /home/wiredauv2024/AUV/WIRED24-25/ros2/install/turtlesim/share/turtlesim/cmake/turtlesim__rosidl_typesupport_cExport.cmake
[2.368s] -- Up-to-date: /home/wiredauv2024/AUV/WIRED24-25/ros2/install/turtlesim/share/turtlesim/cmake/turtlesim__rosidl_typesupport_cExport-noconfig.cmake
[2.368s] -- Up-to-date: /home/wiredauv2024/AUV/WIRED24-25/ros2/install/turtlesim/share/turtlesim/cmake/turtlesim__rosidl_generator_cppExport.cmake
[2.368s] -- Up-to-date: /home/wiredauv2024/AUV/WIRED24-25/ros2/install/turtlesim/share/turtlesim/cmake/turtlesim__rosidl_typesupport_introspection_cppExport.cmake
[2.368s] -- Up-to-date: /home/wiredauv2024/AUV/WIRED24-25/ros2/install/turtlesim/share/turtlesim/cmake/turtlesim__rosidl_typesupport_introspection_cppExport-noconfig.cmake
[2.369s] -- Up-to-date: /home/wiredauv2024/AUV/WIRED24-25/ros2/install/turtlesim/share/turtlesim/cmake/turtlesim__rosidl_typesupport_cppExport.cmake
[2.369s] -- Up-to-date: /home/wiredauv2024/AUV/WIRED24-25/ros2/install/turtlesim/share/turtlesim/cmake/turtlesim__rosidl_typesupport_cppExport-noconfig.cmake
[2.369s] -- Up-to-date: /home/wiredauv2024/AUV/WIRED24-25/ros2/install/turtlesim/share/turtlesim/cmake/rosidl_cmake-extras.cmake
[2.369s] -- Up-to-date: /home/wiredauv2024/AUV/WIRED24-25/ros2/install/turtlesim/share/turtlesim/cmake/ament_cmake_export_dependencies-extras.cmake
[2.369s] -- Up-to-date: /home/wiredauv2024/AUV/WIRED24-25/ros2/install/turtlesim/share/turtlesim/cmake/ament_cmake_export_libraries-extras.cmake
[2.370s] -- Up-to-date: /home/wiredauv2024/AUV/WIRED24-25/ros2/install/turtlesim/share/turtlesim/cmake/ament_cmake_export_targets-extras.cmake
[2.370s] -- Up-to-date: /home/wiredauv2024/AUV/WIRED24-25/ros2/install/turtlesim/share/turtlesim/cmake/ament_cmake_export_include_directories-extras.cmake
[2.370s] -- Up-to-date: /home/wiredauv2024/AUV/WIRED24-25/ros2/install/turtlesim/share/turtlesim/cmake/rosidl_cmake_export_typesupport_libraries-extras.cmake
[2.370s] -- Up-to-date: /home/wiredauv2024/AUV/WIRED24-25/ros2/install/turtlesim/share/turtlesim/cmake/rosidl_cmake_export_typesupport_targets-extras.cmake
[2.370s] -- Up-to-date: /home/wiredauv2024/AUV/WIRED24-25/ros2/install/turtlesim/share/turtlesim/cmake/turtlesimConfig.cmake
[2.370s] -- Up-to-date: /home/wiredauv2024/AUV/WIRED24-25/ros2/install/turtlesim/share/turtlesim/cmake/turtlesimConfig-version.cmake
[2.370s] -- Up-to-date: /home/wiredauv2024/AUV/WIRED24-25/ros2/install/turtlesim/share/turtlesim/package.xml
[2.379s] Invoked command in '/home/wiredauv2024/AUV/WIRED24-25/ros2/build/turtlesim' returned '0': CMAKE_PREFIX_PATH=/opt/ros/galactic /usr/bin/cmake --install /home/wiredauv2024/AUV/WIRED24-25/ros2/build/turtlesim
