[0.026s] Invoking command in '/home/wiredauv2024/AUV/WIRED24-25/ros2/build/turtlesim': CMAKE_PREFIX_PATH=/opt/ros/galactic /usr/bin/cmake /home/wiredauv2024/AUV/WIRED24-25/ros2/src/ros_tutorials/turtlesim -DCMAKE_INSTALL_PREFIX=/home/wiredauv2024/AUV/WIRED24-25/ros2/install/turtlesim
[3.810s] -- The C compiler identification is GNU 9.4.0
[5.776s] -- The CXX compiler identification is GNU 9.4.0
[5.793s] -- Check for working C compiler: /usr/bin/cc
[6.234s] -- Check for working C compiler: /usr/bin/cc -- works
[6.379s] -- Detecting C compiler ABI info
[6.709s] -- Detecting C compiler ABI info - done
[6.869s] -- Detecting C compile features
[6.871s] -- Detecting C compile features - done
[6.880s] -- Check for working CXX compiler: /usr/bin/c++
[7.183s] -- Check for working CXX compiler: /usr/bin/c++ -- works
[7.187s] -- Detecting CXX compiler ABI info
[7.601s] -- Detecting CXX compiler ABI info - done
[7.636s] -- Detecting CXX compile features
[7.637s] -- Detecting CXX compile features - done
[7.643s] -- Found ament_cmake: 1.1.6 (/opt/ros/galactic/share/ament_cmake/cmake)
[7.971s] -- Found PythonInterp: /usr/bin/python3 (found suitable version "3.8.10", minimum required is "3") 
[7.971s] -- Using PYTHON_EXECUTABLE: /usr/bin/python3
[8.298s] -- Found ament_index_cpp: 1.2.0 (/opt/ros/galactic/share/ament_index_cpp/cmake)
[8.305s] -- Found geometry_msgs: 2.2.4 (/opt/ros/galactic/share/geometry_msgs/cmake)
[8.361s] -- Using all available rosidl_typesupport_c: rosidl_typesupport_fastrtps_c;rosidl_typesupport_introspection_c
[8.372s] -- Found rosidl_adapter: 2.2.3 (/opt/ros/galactic/share/rosidl_adapter/cmake)
[8.821s] -- Found OpenSSL: /usr/lib/aarch64-linux-gnu/libcrypto.so (found version "1.1.1f")  
[8.883s] -- Found FastRTPS: /opt/ros/galactic/include  
[9.043s] -- Using all available rosidl_typesupport_cpp: rosidl_typesupport_fastrtps_cpp;rosidl_typesupport_introspection_cpp
[9.387s] -- Found rclcpp: 9.2.2 (/opt/ros/galactic/share/rclcpp/cmake)
[9.476s] -- Found rmw_implementation_cmake: 3.3.1 (/opt/ros/galactic/share/rmw_implementation_cmake/cmake)
[9.481s] -- Found rmw_cyclonedds_cpp: 0.22.6 (/opt/ros/galactic/share/rmw_cyclonedds_cpp/cmake)
[9.517s] -- Using RMW implementation 'rmw_cyclonedds_cpp' as default
[9.660s] -- Looking for pthread.h
[10.009s] -- Looking for pthread.h - found
[10.009s] -- Performing Test CMAKE_HAVE_LIBC_PTHREAD
[10.389s] -- Performing Test CMAKE_HAVE_LIBC_PTHREAD - Failed
[10.390s] -- Looking for pthread_create in pthreads
[10.896s] -- Looking for pthread_create in pthreads - not found
[10.897s] -- Looking for pthread_create in pthread
[11.142s] -- Looking for pthread_create in pthread - found
[11.145s] -- Found Threads: TRUE  
[11.559s] -- Found rclcpp_action: 9.2.2 (/opt/ros/galactic/share/rclcpp_action/cmake)
[11.609s] -- Found rosidl_default_generators: 1.1.1 (/opt/ros/galactic/share/rosidl_default_generators/cmake)
[11.630s] -- Found std_srvs: 2.2.4 (/opt/ros/galactic/share/std_srvs/cmake)
[11.704s] -- Found PythonInterp: /usr/bin/python3 (found version "3.8.10") 
[12.243s] -- Found ament_cmake_ros: 0.9.2 (/opt/ros/galactic/share/ament_cmake_ros/cmake)
[12.534s] -- Using all available rosidl_typesupport_c: rosidl_typesupport_fastrtps_c;rosidl_typesupport_introspection_c
[12.583s] -- Using all available rosidl_typesupport_cpp: rosidl_typesupport_fastrtps_cpp;rosidl_typesupport_introspection_cpp
[12.650s] -- Found PythonInterp: /usr/bin/python3 (found suitable version "3.8.10", minimum required is "3.5") 
[12.654s] -- Found python_cmake_module: 0.8.1 (/opt/ros/galactic/share/python_cmake_module/cmake)
[12.879s] -- Found PythonLibs: /usr/lib/aarch64-linux-gnu/libpython3.8.so (found suitable version "3.8.10", minimum required is "3.5") 
[12.879s] -- Using PYTHON_EXECUTABLE: /usr/bin/python3
[12.880s] -- Using PYTHON_INCLUDE_DIRS: /usr/include/python3.8
[12.880s] -- Using PYTHON_LIBRARIES: /usr/lib/aarch64-linux-gnu/libpython3.8.so
[12.930s] -- Found PythonExtra: .so  
[13.592s] -- Configuring done
[14.079s] -- Generating done
[14.146s] -- Build files have been written to: /home/wiredauv2024/AUV/WIRED24-25/ros2/build/turtlesim
[14.207s] Invoked command in '/home/wiredauv2024/AUV/WIRED24-25/ros2/build/turtlesim' returned '0': CMAKE_PREFIX_PATH=/opt/ros/galactic /usr/bin/cmake /home/wiredauv2024/AUV/WIRED24-25/ros2/src/ros_tutorials/turtlesim -DCMAKE_INSTALL_PREFIX=/home/wiredauv2024/AUV/WIRED24-25/ros2/install/turtlesim
[14.214s] Invoking command in '/home/wiredauv2024/AUV/WIRED24-25/ros2/build/turtlesim': CMAKE_PREFIX_PATH=/opt/ros/galactic /usr/bin/cmake --build /home/wiredauv2024/AUV/WIRED24-25/ros2/build/turtlesim -- -j6 -l6
[14.346s] [  1%] [34m[1mGenerating C code for ROS interfaces[0m
[14.346s] [35m[1mScanning dependencies of target turtlesim__cpp[0m
[14.377s] [  2%] [34m[1mGenerating C++ code for ROS interfaces[0m
[16.076s] [  2%] Built target turtlesim__cpp
[16.124s] [  4%] [34m[1mGenerating C++ introspection for ROS interfaces[0m
[16.124s] [  4%] [34m[1mGenerating C++ type support dispatch for ROS interfaces[0m
[16.186s] [  5%] [34m[1mGenerating C++ type support for eProsima Fast-RTPS[0m
[16.386s] [35m[1mScanning dependencies of target turtlesim__rosidl_generator_c[0m
[16.598s] [  8%] [32mBuilding C object CMakeFiles/turtlesim__rosidl_generator_c.dir/rosidl_generator_c/turtlesim/action/detail/rotate_absolute__functions.c.o[0m
[16.599s] [  8%] [32mBuilding C object CMakeFiles/turtlesim__rosidl_generator_c.dir/rosidl_generator_c/turtlesim/msg/detail/color__functions.c.o[0m
[16.599s] [  8%] [32mBuilding C object CMakeFiles/turtlesim__rosidl_generator_c.dir/rosidl_generator_c/turtlesim/msg/detail/pose__functions.c.o[0m
[16.992s] [  9%] [32mBuilding C object CMakeFiles/turtlesim__rosidl_generator_c.dir/rosidl_generator_c/turtlesim/srv/detail/set_pen__functions.c.o[0m
[16.995s] [ 10%] [32mBuilding C object CMakeFiles/turtlesim__rosidl_generator_c.dir/rosidl_generator_c/turtlesim/srv/detail/kill__functions.c.o[0m
[17.151s] [ 11%] [32mBuilding C object CMakeFiles/turtlesim__rosidl_generator_c.dir/rosidl_generator_c/turtlesim/srv/detail/teleport_absolute__functions.c.o[0m
[17.159s] [ 12%] [32mBuilding C object CMakeFiles/turtlesim__rosidl_generator_c.dir/rosidl_generator_c/turtlesim/srv/detail/spawn__functions.c.o[0m
[17.190s] [ 13%] [32mBuilding C object CMakeFiles/turtlesim__rosidl_generator_c.dir/rosidl_generator_c/turtlesim/srv/detail/teleport_relative__functions.c.o[0m
[17.346s] [35m[1mScanning dependencies of target turtlesim__rosidl_typesupport_cpp[0m
[17.411s] [ 14%] [32m[1mLinking C shared library libturtlesim__rosidl_generator_c.so[0m
[17.426s] [ 15%] [32mBuilding CXX object CMakeFiles/turtlesim__rosidl_typesupport_cpp.dir/rosidl_typesupport_cpp/turtlesim/action/rotate_absolute__type_support.cpp.o[0m
[17.475s] [ 16%] [32mBuilding CXX object CMakeFiles/turtlesim__rosidl_typesupport_cpp.dir/rosidl_typesupport_cpp/turtlesim/msg/color__type_support.cpp.o[0m
[17.497s] [ 17%] [32mBuilding CXX object CMakeFiles/turtlesim__rosidl_typesupport_cpp.dir/rosidl_typesupport_cpp/turtlesim/msg/pose__type_support.cpp.o[0m
[17.514s] [ 17%] Built target turtlesim__rosidl_generator_c
[17.538s] [ 18%] [32mBuilding CXX object CMakeFiles/turtlesim__rosidl_typesupport_cpp.dir/rosidl_typesupport_cpp/turtlesim/srv/kill__type_support.cpp.o[0m
[17.607s] [35m[1mScanning dependencies of target turtlesim__rosidl_typesupport_introspection_cpp[0m
[17.657s] [ 19%] [32mBuilding CXX object CMakeFiles/turtlesim__rosidl_typesupport_introspection_cpp.dir/rosidl_typesupport_introspection_cpp/turtlesim/action/detail/rotate_absolute__type_support.cpp.o[0m
[18.093s] [35m[1mScanning dependencies of target turtlesim__rosidl_typesupport_fastrtps_cpp[0m
[18.304s] [ 20%] [32mBuilding CXX object CMakeFiles/turtlesim__rosidl_typesupport_fastrtps_cpp.dir/rosidl_typesupport_fastrtps_cpp/turtlesim/action/detail/dds_fastrtps/rotate_absolute__type_support.cpp.o[0m
[18.663s] [ 21%] [32mBuilding CXX object CMakeFiles/turtlesim__rosidl_typesupport_cpp.dir/rosidl_typesupport_cpp/turtlesim/srv/set_pen__type_support.cpp.o[0m
[18.664s] [ 22%] [32mBuilding CXX object CMakeFiles/turtlesim__rosidl_typesupport_cpp.dir/rosidl_typesupport_cpp/turtlesim/srv/spawn__type_support.cpp.o[0m
[18.665s] [ 23%] [34m[1mGenerating C type support dispatch for ROS interfaces[0m
[19.580s] [ 24%] [32mBuilding CXX object CMakeFiles/turtlesim__rosidl_typesupport_fastrtps_cpp.dir/rosidl_typesupport_fastrtps_cpp/turtlesim/msg/detail/dds_fastrtps/color__type_support.cpp.o[0m
[19.594s] [ 25%] [32mBuilding CXX object CMakeFiles/turtlesim__rosidl_typesupport_introspection_cpp.dir/rosidl_typesupport_introspection_cpp/turtlesim/msg/detail/color__type_support.cpp.o[0m
[19.749s] [ 27%] [32mBuilding CXX object CMakeFiles/turtlesim__rosidl_typesupport_cpp.dir/rosidl_typesupport_cpp/turtlesim/srv/teleport_absolute__type_support.cpp.o[0m
[19.749s] [ 27%] [32mBuilding CXX object CMakeFiles/turtlesim__rosidl_typesupport_introspection_cpp.dir/rosidl_typesupport_introspection_cpp/turtlesim/msg/detail/pose__type_support.cpp.o[0m
[20.068s] [35m[1mScanning dependencies of target turtlesim__rosidl_typesupport_c[0m
[20.236s] [ 28%] [32mBuilding CXX object CMakeFiles/turtlesim__rosidl_typesupport_c.dir/rosidl_typesupport_c/turtlesim/action/rotate_absolute__type_support.cpp.o[0m
[20.263s] [ 29%] [34m[1mGenerating C introspection for ROS interfaces[0m
[20.464s] [ 30%] [32mBuilding CXX object CMakeFiles/turtlesim__rosidl_typesupport_cpp.dir/rosidl_typesupport_cpp/turtlesim/srv/teleport_relative__type_support.cpp.o[0m
[20.464s] [ 31%] [32mBuilding CXX object CMakeFiles/turtlesim__rosidl_typesupport_c.dir/rosidl_typesupport_c/turtlesim/msg/color__type_support.cpp.o[0m
[20.670s] [ 33%] [32mBuilding CXX object CMakeFiles/turtlesim__rosidl_typesupport_introspection_cpp.dir/rosidl_typesupport_introspection_cpp/turtlesim/srv/detail/set_pen__type_support.cpp.o[0m
[20.670s] [ 34%] [32mBuilding CXX object CMakeFiles/turtlesim__rosidl_typesupport_introspection_cpp.dir/rosidl_typesupport_introspection_cpp/turtlesim/srv/detail/kill__type_support.cpp.o[0m
[20.671s] [ 33%] [32mBuilding CXX object CMakeFiles/turtlesim__rosidl_typesupport_c.dir/rosidl_typesupport_c/turtlesim/msg/pose__type_support.cpp.o[0m
[20.709s] [ 35%] [32mBuilding CXX object CMakeFiles/turtlesim__rosidl_typesupport_fastrtps_cpp.dir/rosidl_typesupport_fastrtps_cpp/turtlesim/msg/detail/dds_fastrtps/pose__type_support.cpp.o[0m
[20.887s] [ 36%] [32mBuilding CXX object CMakeFiles/turtlesim__rosidl_typesupport_c.dir/rosidl_typesupport_c/turtlesim/srv/kill__type_support.cpp.o[0m
[21.123s] [ 37%] [32mBuilding CXX object CMakeFiles/turtlesim__rosidl_typesupport_c.dir/rosidl_typesupport_c/turtlesim/srv/set_pen__type_support.cpp.o[0m
[21.300s] [ 39%] [32m[1mLinking CXX shared library libturtlesim__rosidl_typesupport_cpp.so[0m
[21.300s] [ 39%] [32mBuilding CXX object CMakeFiles/turtlesim__rosidl_typesupport_c.dir/rosidl_typesupport_c/turtlesim/srv/spawn__type_support.cpp.o[0m
[21.407s] [ 39%] Built target turtlesim__rosidl_typesupport_cpp
[21.455s] [ 40%] [32mBuilding CXX object CMakeFiles/turtlesim__rosidl_typesupport_c.dir/rosidl_typesupport_c/turtlesim/srv/teleport_absolute__type_support.cpp.o[0m
[21.527s] [ 42%] [32mBuilding CXX object CMakeFiles/turtlesim__rosidl_typesupport_fastrtps_cpp.dir/rosidl_typesupport_fastrtps_cpp/turtlesim/srv/detail/dds_fastrtps/kill__type_support.cpp.o[0m
[21.528s] [ 42%] [32mBuilding CXX object CMakeFiles/turtlesim__rosidl_typesupport_introspection_cpp.dir/rosidl_typesupport_introspection_cpp/turtlesim/srv/detail/spawn__type_support.cpp.o[0m
[21.540s] [ 43%] [32mBuilding CXX object CMakeFiles/turtlesim__rosidl_typesupport_introspection_cpp.dir/rosidl_typesupport_introspection_cpp/turtlesim/srv/detail/teleport_absolute__type_support.cpp.o[0m
[21.553s] [ 44%] [32mBuilding CXX object CMakeFiles/turtlesim__rosidl_typesupport_c.dir/rosidl_typesupport_c/turtlesim/srv/teleport_relative__type_support.cpp.o[0m
[21.765s] [ 45%] [32m[1mLinking CXX shared library libturtlesim__rosidl_typesupport_c.so[0m
[21.862s] [ 45%] Built target turtlesim__rosidl_typesupport_c
[21.906s] [ 46%] [32mBuilding CXX object CMakeFiles/turtlesim__rosidl_typesupport_introspection_cpp.dir/rosidl_typesupport_introspection_cpp/turtlesim/srv/detail/teleport_relative__type_support.cpp.o[0m
[22.025s] [35m[1mScanning dependencies of target turtlesim__rosidl_typesupport_introspection_c[0m
[22.025s] [ 47%] [32mBuilding CXX object CMakeFiles/turtlesim__rosidl_typesupport_fastrtps_cpp.dir/rosidl_typesupport_fastrtps_cpp/turtlesim/srv/detail/dds_fastrtps/set_pen__type_support.cpp.o[0m
[22.205s] [ 48%] [32mBuilding C object CMakeFiles/turtlesim__rosidl_typesupport_introspection_c.dir/rosidl_typesupport_introspection_c/turtlesim/action/detail/rotate_absolute__type_support.c.o[0m
[22.387s] [ 49%] [32mBuilding C object CMakeFiles/turtlesim__rosidl_typesupport_introspection_c.dir/rosidl_typesupport_introspection_c/turtlesim/msg/detail/color__type_support.c.o[0m
[22.394s] [ 51%] [32mBuilding C object CMakeFiles/turtlesim__rosidl_typesupport_introspection_c.dir/rosidl_typesupport_introspection_c/turtlesim/srv/detail/kill__type_support.c.o[0m
[22.395s] [ 51%] [32mBuilding C object CMakeFiles/turtlesim__rosidl_typesupport_introspection_c.dir/rosidl_typesupport_introspection_c/turtlesim/msg/detail/pose__type_support.c.o[0m
[22.601s] [ 53%] [32mBuilding C object CMakeFiles/turtlesim__rosidl_typesupport_introspection_c.dir/rosidl_typesupport_introspection_c/turtlesim/srv/detail/spawn__type_support.c.o[0m
[22.602s] [ 54%] [32mBuilding CXX object CMakeFiles/turtlesim__rosidl_typesupport_fastrtps_cpp.dir/rosidl_typesupport_fastrtps_cpp/turtlesim/srv/detail/dds_fastrtps/spawn__type_support.cpp.o[0m
[22.604s] [ 53%] [32mBuilding C object CMakeFiles/turtlesim__rosidl_typesupport_introspection_c.dir/rosidl_typesupport_introspection_c/turtlesim/srv/detail/set_pen__type_support.c.o[0m
[22.691s] [ 55%] [32m[1mLinking CXX shared library libturtlesim__rosidl_typesupport_introspection_cpp.so[0m
[22.780s] [ 56%] [32mBuilding CXX object CMakeFiles/turtlesim__rosidl_typesupport_fastrtps_cpp.dir/rosidl_typesupport_fastrtps_cpp/turtlesim/srv/detail/dds_fastrtps/teleport_absolute__type_support.cpp.o[0m
[22.790s] [ 58%] [32mBuilding CXX object CMakeFiles/turtlesim__rosidl_typesupport_fastrtps_cpp.dir/rosidl_typesupport_fastrtps_cpp/turtlesim/srv/detail/dds_fastrtps/teleport_relative__type_support.cpp.o[0m
[22.791s] [ 58%] [32mBuilding C object CMakeFiles/turtlesim__rosidl_typesupport_introspection_c.dir/rosidl_typesupport_introspection_c/turtlesim/srv/detail/teleport_absolute__type_support.c.o[0m
[22.956s] [ 58%] Built target turtlesim__rosidl_typesupport_introspection_cpp
[22.985s] [ 59%] [32mBuilding C object CMakeFiles/turtlesim__rosidl_typesupport_introspection_c.dir/rosidl_typesupport_introspection_c/turtlesim/srv/detail/teleport_relative__type_support.c.o[0m
[23.206s] [ 60%] [32m[1mLinking C shared library libturtlesim__rosidl_typesupport_introspection_c.so[0m
[23.300s] [ 60%] Built target turtlesim__rosidl_typesupport_introspection_c
[23.993s] [ 61%] [32m[1mLinking CXX shared library libturtlesim__rosidl_typesupport_fastrtps_cpp.so[0m
[24.201s] [ 61%] Built target turtlesim__rosidl_typesupport_fastrtps_cpp
[24.234s] [ 62%] [34m[1mGenerating C type support for eProsima Fast-RTPS[0m
[25.652s] [35m[1mScanning dependencies of target turtlesim__rosidl_typesupport_fastrtps_c[0m
[25.730s] [ 65%] [32mBuilding CXX object CMakeFiles/turtlesim__rosidl_typesupport_fastrtps_c.dir/rosidl_typesupport_fastrtps_c/turtlesim/action/detail/rotate_absolute__type_support_c.cpp.o[0m
[25.730s] [ 65%] [32mBuilding CXX object CMakeFiles/turtlesim__rosidl_typesupport_fastrtps_c.dir/rosidl_typesupport_fastrtps_c/turtlesim/srv/detail/kill__type_support_c.cpp.o[0m
[25.731s] [ 65%] [32mBuilding CXX object CMakeFiles/turtlesim__rosidl_typesupport_fastrtps_c.dir/rosidl_typesupport_fastrtps_c/turtlesim/msg/detail/pose__type_support_c.cpp.o[0m
[25.732s] [ 66%] [32mBuilding CXX object CMakeFiles/turtlesim__rosidl_typesupport_fastrtps_c.dir/rosidl_typesupport_fastrtps_c/turtlesim/srv/detail/spawn__type_support_c.cpp.o[0m
[25.732s] [ 67%] [32mBuilding CXX object CMakeFiles/turtlesim__rosidl_typesupport_fastrtps_c.dir/rosidl_typesupport_fastrtps_c/turtlesim/msg/detail/color__type_support_c.cpp.o[0m
[25.755s] [ 68%] [32mBuilding CXX object CMakeFiles/turtlesim__rosidl_typesupport_fastrtps_c.dir/rosidl_typesupport_fastrtps_c/turtlesim/srv/detail/set_pen__type_support_c.cpp.o[0m
[26.840s] [ 69%] [32mBuilding CXX object CMakeFiles/turtlesim__rosidl_typesupport_fastrtps_c.dir/rosidl_typesupport_fastrtps_c/turtlesim/srv/detail/teleport_absolute__type_support_c.cpp.o[0m
[26.866s] [ 70%] [32mBuilding CXX object CMakeFiles/turtlesim__rosidl_typesupport_fastrtps_c.dir/rosidl_typesupport_fastrtps_c/turtlesim/srv/detail/teleport_relative__type_support_c.cpp.o[0m
[27.854s] [ 71%] [32m[1mLinking CXX shared library libturtlesim__rosidl_typesupport_fastrtps_c.so[0m
[28.069s] [ 71%] Built target turtlesim__rosidl_typesupport_fastrtps_c
[28.097s] [35m[1mScanning dependencies of target turtlesim[0m
[28.122s] [ 71%] Built target turtlesim
[28.147s] [ 72%] [34m[1mGenerating include/turtlesim/moc_turtle_frame.cpp[0m
[28.147s] [35m[1mScanning dependencies of target mimic[0m
[28.148s] [35m[1mScanning dependencies of target turtlesim__py[0m
[28.148s] [35m[1mScanning dependencies of target turtle_teleop_key[0m
[28.150s] [35m[1mScanning dependencies of target draw_square[0m
[28.178s] [ 73%] [34m[1mGenerating Python code for ROS interfaces[0m
[28.247s] [ 75%] [32mBuilding CXX object CMakeFiles/mimic.dir/tutorials/mimic.cpp.o[0m
[28.248s] [ 75%] [32mBuilding CXX object CMakeFiles/draw_square.dir/tutorials/draw_square.cpp.o[0m
[28.273s] [ 76%] [32mBuilding CXX object CMakeFiles/turtle_teleop_key.dir/tutorials/teleop_turtle_key.cpp.o[0m
[28.572s] [35m[1mScanning dependencies of target turtlesim_node[0m
[29.384s] [ 77%] [32mBuilding CXX object CMakeFiles/turtlesim_node.dir/src/turtlesim.cpp.o[0m
[29.387s] [ 78%] [32mBuilding CXX object CMakeFiles/turtlesim_node.dir/src/turtle.cpp.o[0m
[35.093s] [ 78%] Built target turtlesim__py
[35.252s] [ 79%] [32mBuilding CXX object CMakeFiles/turtlesim_node.dir/src/turtle_frame.cpp.o[0m
[41.171s] [ 80%] [32mBuilding CXX object CMakeFiles/turtlesim_node.dir/include/turtlesim/moc_turtle_frame.cpp.o[0m
[47.418s] [ 81%] [32m[1mLinking CXX executable turtle_teleop_key[0m
[49.962s] [ 81%] Built target turtle_teleop_key
[50.275s] [35m[1mScanning dependencies of target turtlesim__python[0m
[50.900s] [ 82%] [32mBuilding C object CMakeFiles/turtlesim__python.dir/rosidl_generator_py/turtlesim/action/_rotate_absolute_s.c.o[0m
[53.895s] [ 83%] [32mBuilding C object CMakeFiles/turtlesim__python.dir/rosidl_generator_py/turtlesim/msg/_color_s.c.o[0m
[53.902s] [ 84%] [32m[1mLinking CXX executable mimic[0m
[54.621s] [ 85%] [32m[1mLinking CXX executable draw_square[0m
[55.138s] [ 85%] Built target mimic
[55.172s] [ 87%] [32mBuilding C object CMakeFiles/turtlesim__python.dir/rosidl_generator_py/turtlesim/srv/_kill_s.c.o[0m
[55.173s] [ 87%] [32mBuilding C object CMakeFiles/turtlesim__python.dir/rosidl_generator_py/turtlesim/msg/_pose_s.c.o[0m
[55.197s] [ 88%] [32mBuilding C object CMakeFiles/turtlesim__python.dir/rosidl_generator_py/turtlesim/srv/_set_pen_s.c.o[0m
[55.549s] [ 90%] [32mBuilding C object CMakeFiles/turtlesim__python.dir/rosidl_generator_py/turtlesim/srv/_teleport_absolute_s.c.o[0m
[55.549s] [ 90%] [32mBuilding C object CMakeFiles/turtlesim__python.dir/rosidl_generator_py/turtlesim/srv/_spawn_s.c.o[0m
[55.571s] [ 91%] [32mBuilding C object CMakeFiles/turtlesim__python.dir/rosidl_generator_py/turtlesim/srv/_teleport_relative_s.c.o[0m
[55.936s] [ 92%] [32m[1mLinking C shared library rosidl_generator_py/turtlesim/libturtlesim__python.so[0m
[55.938s] [ 92%] Built target draw_square
[56.221s] [ 92%] Built target turtlesim__python
[56.603s] [35m[1mScanning dependencies of target turtlesim__rosidl_typesupport_introspection_c__pyext[0m
[56.603s] [35m[1mScanning dependencies of target turtlesim__rosidl_typesupport_fastrtps_c__pyext[0m
[56.604s] [35m[1mScanning dependencies of target turtlesim__rosidl_typesupport_c__pyext[0m
[56.755s] [ 93%] [32mBuilding C object CMakeFiles/turtlesim__rosidl_typesupport_fastrtps_c__pyext.dir/rosidl_generator_py/turtlesim/_turtlesim_s.ep.rosidl_typesupport_fastrtps_c.c.o[0m
[56.758s] [ 95%] [32mBuilding C object CMakeFiles/turtlesim__rosidl_typesupport_c__pyext.dir/rosidl_generator_py/turtlesim/_turtlesim_s.ep.rosidl_typesupport_c.c.o[0m
[56.759s] [ 95%] [32mBuilding C object CMakeFiles/turtlesim__rosidl_typesupport_introspection_c__pyext.dir/rosidl_generator_py/turtlesim/_turtlesim_s.ep.rosidl_typesupport_introspection_c.c.o[0m
[57.230s] [ 96%] [32m[1mLinking C shared library rosidl_generator_py/turtlesim/turtlesim_s__rosidl_typesupport_c.cpython-38-aarch64-linux-gnu.so[0m
[57.255s] [ 98%] [32m[1mLinking CXX shared library rosidl_generator_py/turtlesim/turtlesim_s__rosidl_typesupport_fastrtps_c.cpython-38-aarch64-linux-gnu.so[0m
[57.255s] [ 98%] [32m[1mLinking C shared library rosidl_generator_py/turtlesim/turtlesim_s__rosidl_typesupport_introspection_c.cpython-38-aarch64-linux-gnu.so[0m
[57.475s] [ 98%] Built target turtlesim__rosidl_typesupport_c__pyext
[57.620s] [ 98%] Built target turtlesim__rosidl_typesupport_introspection_c__pyext
[58.041s] [ 98%] Built target turtlesim__rosidl_typesupport_fastrtps_c__pyext
[63.127s] [100%] [32m[1mLinking CXX executable turtlesim_node[0m
[70.330s] [100%] Built target turtlesim_node
[70.621s] Invoked command in '/home/wiredauv2024/AUV/WIRED24-25/ros2/build/turtlesim' returned '0': CMAKE_PREFIX_PATH=/opt/ros/galactic /usr/bin/cmake --build /home/wiredauv2024/AUV/WIRED24-25/ros2/build/turtlesim -- -j6 -l6
[70.800s] Invoking command in '/home/wiredauv2024/AUV/WIRED24-25/ros2/build/turtlesim': CMAKE_PREFIX_PATH=/opt/ros/galactic /usr/bin/cmake --install /home/wiredauv2024/AUV/WIRED24-25/ros2/build/turtlesim
[70.978s] -- Install configuration: ""
[70.979s] -- Installing: /home/wiredauv2024/AUV/WIRED24-25/ros2/install/turtlesim/share/ament_index/resource_index/rosidl_interfaces/turtlesim
[70.980s] -- Installing: /home/wiredauv2024/AUV/WIRED24-25/ros2/install/turtlesim/include/turtlesim
[70.980s] -- Installing: /home/wiredauv2024/AUV/WIRED24-25/ros2/install/turtlesim/include/turtlesim/msg
[70.981s] -- Installing: /home/wiredauv2024/AUV/WIRED24-25/ros2/install/turtlesim/include/turtlesim/msg/rosidl_generator_c__visibility_control.h
[70.981s] -- Installing: /home/wiredauv2024/AUV/WIRED24-25/ros2/install/turtlesim/include/turtlesim/msg/detail
[70.981s] -- Installing: /home/wiredauv2024/AUV/WIRED24-25/ros2/install/turtlesim/include/turtlesim/msg/detail/pose__functions.h
[70.982s] -- Installing: /home/wiredauv2024/AUV/WIRED24-25/ros2/install/turtlesim/include/turtlesim/msg/detail/pose__struct.h
[70.982s] -- Installing: /home/wiredauv2024/AUV/WIRED24-25/ros2/install/turtlesim/include/turtlesim/msg/detail/color__functions.h
[70.982s] -- Installing: /home/wiredauv2024/AUV/WIRED24-25/ros2/install/turtlesim/include/turtlesim/msg/detail/color__type_support.h
[70.983s] -- Installing: /home/wiredauv2024/AUV/WIRED24-25/ros2/install/turtlesim/include/turtlesim/msg/detail/pose__type_support.h
[70.983s] -- Installing: /home/wiredauv2024/AUV/WIRED24-25/ros2/install/turtlesim/include/turtlesim/msg/detail/color__struct.h
[70.983s] -- Installing: /home/wiredauv2024/AUV/WIRED24-25/ros2/install/turtlesim/include/turtlesim/msg/detail/pose__functions.c
[70.983s] -- Installing: /home/wiredauv2024/AUV/WIRED24-25/ros2/install/turtlesim/include/turtlesim/msg/detail/color__functions.c
[70.984s] -- Installing: /home/wiredauv2024/AUV/WIRED24-25/ros2/install/turtlesim/include/turtlesim/msg/pose.h
[70.984s] -- Installing: /home/wiredauv2024/AUV/WIRED24-25/ros2/install/turtlesim/include/turtlesim/msg/color.h
[70.984s] -- Installing: /home/wiredauv2024/AUV/WIRED24-25/ros2/install/turtlesim/include/turtlesim/srv
[70.985s] -- Installing: /home/wiredauv2024/AUV/WIRED24-25/ros2/install/turtlesim/include/turtlesim/srv/kill.h
[70.985s] -- Installing: /home/wiredauv2024/AUV/WIRED24-25/ros2/install/turtlesim/include/turtlesim/srv/teleport_relative.h
[70.985s] -- Installing: /home/wiredauv2024/AUV/WIRED24-25/ros2/install/turtlesim/include/turtlesim/srv/detail
[70.986s] -- Installing: /home/wiredauv2024/AUV/WIRED24-25/ros2/install/turtlesim/include/turtlesim/srv/detail/kill__struct.h
[70.986s] -- Installing: /home/wiredauv2024/AUV/WIRED24-25/ros2/install/turtlesim/include/turtlesim/srv/detail/spawn__functions.h
[70.986s] -- Installing: /home/wiredauv2024/AUV/WIRED24-25/ros2/install/turtlesim/include/turtlesim/srv/detail/spawn__functions.c
[70.986s] -- Installing: /home/wiredauv2024/AUV/WIRED24-25/ros2/install/turtlesim/include/turtlesim/srv/detail/kill__functions.c
[70.987s] -- Installing: /home/wiredauv2024/AUV/WIRED24-25/ros2/install/turtlesim/include/turtlesim/srv/detail/set_pen__struct.h
[70.987s] -- Installing: /home/wiredauv2024/AUV/WIRED24-25/ros2/install/turtlesim/include/turtlesim/srv/detail/teleport_absolute__type_support.h
[70.987s] -- Installing: /home/wiredauv2024/AUV/WIRED24-25/ros2/install/turtlesim/include/turtlesim/srv/detail/kill__type_support.h
[70.988s] -- Installing: /home/wiredauv2024/AUV/WIRED24-25/ros2/install/turtlesim/include/turtlesim/srv/detail/teleport_absolute__functions.h
[70.988s] -- Installing: /home/wiredauv2024/AUV/WIRED24-25/ros2/install/turtlesim/include/turtlesim/srv/detail/spawn__struct.h
[70.988s] -- Installing: /home/wiredauv2024/AUV/WIRED24-25/ros2/install/turtlesim/include/turtlesim/srv/detail/teleport_absolute__struct.h
[70.989s] -- Installing: /home/wiredauv2024/AUV/WIRED24-25/ros2/install/turtlesim/include/turtlesim/srv/detail/teleport_relative__type_support.h
[70.989s] -- Installing: /home/wiredauv2024/AUV/WIRED24-25/ros2/install/turtlesim/include/turtlesim/srv/detail/spawn__type_support.h
[70.989s] -- Installing: /home/wiredauv2024/AUV/WIRED24-25/ros2/install/turtlesim/include/turtlesim/srv/detail/teleport_relative__functions.h
[70.990s] -- Installing: /home/wiredauv2024/AUV/WIRED24-25/ros2/install/turtlesim/include/turtlesim/srv/detail/kill__functions.h
[70.990s] -- Installing: /home/wiredauv2024/AUV/WIRED24-25/ros2/install/turtlesim/include/turtlesim/srv/detail/teleport_relative__functions.c
[70.990s] -- Installing: /home/wiredauv2024/AUV/WIRED24-25/ros2/install/turtlesim/include/turtlesim/srv/detail/set_pen__type_support.h
[70.990s] -- Installing: /home/wiredauv2024/AUV/WIRED24-25/ros2/install/turtlesim/include/turtlesim/srv/detail/set_pen__functions.c
[70.991s] -- Installing: /home/wiredauv2024/AUV/WIRED24-25/ros2/install/turtlesim/include/turtlesim/srv/detail/teleport_absolute__functions.c
[70.991s] -- Installing: /home/wiredauv2024/AUV/WIRED24-25/ros2/install/turtlesim/include/turtlesim/srv/detail/teleport_relative__struct.h
[70.991s] -- Installing: /home/wiredauv2024/AUV/WIRED24-25/ros2/install/turtlesim/include/turtlesim/srv/detail/set_pen__functions.h
[70.992s] -- Installing: /home/wiredauv2024/AUV/WIRED24-25/ros2/install/turtlesim/include/turtlesim/srv/teleport_absolute.h
[70.992s] -- Installing: /home/wiredauv2024/AUV/WIRED24-25/ros2/install/turtlesim/include/turtlesim/srv/spawn.h
[70.992s] -- Installing: /home/wiredauv2024/AUV/WIRED24-25/ros2/install/turtlesim/include/turtlesim/srv/set_pen.h
[70.993s] -- Installing: /home/wiredauv2024/AUV/WIRED24-25/ros2/install/turtlesim/include/turtlesim/action
[70.993s] -- Installing: /home/wiredauv2024/AUV/WIRED24-25/ros2/install/turtlesim/include/turtlesim/action/detail
[70.994s] -- Installing: /home/wiredauv2024/AUV/WIRED24-25/ros2/install/turtlesim/include/turtlesim/action/detail/rotate_absolute__type_support.h
[70.994s] -- Installing: /home/wiredauv2024/AUV/WIRED24-25/ros2/install/turtlesim/include/turtlesim/action/detail/rotate_absolute__functions.c
[70.995s] -- Installing: /home/wiredauv2024/AUV/WIRED24-25/ros2/install/turtlesim/include/turtlesim/action/detail/rotate_absolute__struct.h
[70.995s] -- Installing: /home/wiredauv2024/AUV/WIRED24-25/ros2/install/turtlesim/include/turtlesim/action/detail/rotate_absolute__functions.h
[70.996s] -- Installing: /home/wiredauv2024/AUV/WIRED24-25/ros2/install/turtlesim/include/turtlesim/action/rotate_absolute.h
[70.998s] -- Installing: /home/wiredauv2024/AUV/WIRED24-25/ros2/install/turtlesim/share/turtlesim/environment/library_path.sh
[70.999s] -- Installing: /home/wiredauv2024/AUV/WIRED24-25/ros2/install/turtlesim/share/turtlesim/environment/library_path.dsv
[70.999s] -- Installing: /home/wiredauv2024/AUV/WIRED24-25/ros2/install/turtlesim/lib/libturtlesim__rosidl_generator_c.so
[71.000s] -- Set runtime path of "/home/wiredauv2024/AUV/WIRED24-25/ros2/install/turtlesim/lib/libturtlesim__rosidl_generator_c.so" to ""
[71.001s] -- Up-to-date: /home/wiredauv2024/AUV/WIRED24-25/ros2/install/turtlesim/include/turtlesim
[71.001s] -- Up-to-date: /home/wiredauv2024/AUV/WIRED24-25/ros2/install/turtlesim/include/turtlesim/msg
[71.001s] -- Up-to-date: /home/wiredauv2024/AUV/WIRED24-25/ros2/install/turtlesim/include/turtlesim/msg/detail
[71.002s] -- Installing: /home/wiredauv2024/AUV/WIRED24-25/ros2/install/turtlesim/include/turtlesim/msg/detail/pose__rosidl_typesupport_fastrtps_c.h
[71.002s] -- Installing: /home/wiredauv2024/AUV/WIRED24-25/ros2/install/turtlesim/include/turtlesim/msg/detail/color__rosidl_typesupport_fastrtps_c.h
[71.002s] -- Installing: /home/wiredauv2024/AUV/WIRED24-25/ros2/install/turtlesim/include/turtlesim/msg/rosidl_typesupport_fastrtps_c__visibility_control.h
[71.003s] -- Up-to-date: /home/wiredauv2024/AUV/WIRED24-25/ros2/install/turtlesim/include/turtlesim/srv
[71.003s] -- Up-to-date: /home/wiredauv2024/AUV/WIRED24-25/ros2/install/turtlesim/include/turtlesim/srv/detail
[71.003s] -- Installing: /home/wiredauv2024/AUV/WIRED24-25/ros2/install/turtlesim/include/turtlesim/srv/detail/set_pen__rosidl_typesupport_fastrtps_c.h
[71.003s] -- Installing: /home/wiredauv2024/AUV/WIRED24-25/ros2/install/turtlesim/include/turtlesim/srv/detail/teleport_relative__rosidl_typesupport_fastrtps_c.h
[71.004s] -- Installing: /home/wiredauv2024/AUV/WIRED24-25/ros2/install/turtlesim/include/turtlesim/srv/detail/kill__rosidl_typesupport_fastrtps_c.h
[71.004s] -- Installing: /home/wiredauv2024/AUV/WIRED24-25/ros2/install/turtlesim/include/turtlesim/srv/detail/spawn__rosidl_typesupport_fastrtps_c.h
[71.005s] -- Installing: /home/wiredauv2024/AUV/WIRED24-25/ros2/install/turtlesim/include/turtlesim/srv/detail/teleport_absolute__rosidl_typesupport_fastrtps_c.h
[71.005s] -- Up-to-date: /home/wiredauv2024/AUV/WIRED24-25/ros2/install/turtlesim/include/turtlesim/action
[71.006s] -- Up-to-date: /home/wiredauv2024/AUV/WIRED24-25/ros2/install/turtlesim/include/turtlesim/action/detail
[71.006s] -- Installing: /home/wiredauv2024/AUV/WIRED24-25/ros2/install/turtlesim/include/turtlesim/action/detail/rotate_absolute__rosidl_typesupport_fastrtps_c.h
[71.006s] -- Installing: /home/wiredauv2024/AUV/WIRED24-25/ros2/install/turtlesim/lib/libturtlesim__rosidl_typesupport_fastrtps_c.so
[71.007s] -- Set runtime path of "/home/wiredauv2024/AUV/WIRED24-25/ros2/install/turtlesim/lib/libturtlesim__rosidl_typesupport_fastrtps_c.so" to ""
[71.007s] -- Up-to-date: /home/wiredauv2024/AUV/WIRED24-25/ros2/install/turtlesim/include/turtlesim
[71.008s] -- Up-to-date: /home/wiredauv2024/AUV/WIRED24-25/ros2/install/turtlesim/include/turtlesim/msg
[71.008s] -- Installing: /home/wiredauv2024/AUV/WIRED24-25/ros2/install/turtlesim/include/turtlesim/msg/rosidl_typesupport_fastrtps_cpp__visibility_control.h
[71.008s] -- Up-to-date: /home/wiredauv2024/AUV/WIRED24-25/ros2/install/turtlesim/include/turtlesim/msg/detail
[71.009s] -- Installing: /home/wiredauv2024/AUV/WIRED24-25/ros2/install/turtlesim/include/turtlesim/msg/detail/color__rosidl_typesupport_fastrtps_cpp.hpp
[71.009s] -- Installing: /home/wiredauv2024/AUV/WIRED24-25/ros2/install/turtlesim/include/turtlesim/msg/detail/pose__rosidl_typesupport_fastrtps_cpp.hpp
[71.009s] -- Installing: /home/wiredauv2024/AUV/WIRED24-25/ros2/install/turtlesim/include/turtlesim/msg/detail/dds_fastrtps
[71.010s] -- Up-to-date: /home/wiredauv2024/AUV/WIRED24-25/ros2/install/turtlesim/include/turtlesim/srv
[71.010s] -- Up-to-date: /home/wiredauv2024/AUV/WIRED24-25/ros2/install/turtlesim/include/turtlesim/srv/detail
[71.010s] -- Installing: /home/wiredauv2024/AUV/WIRED24-25/ros2/install/turtlesim/include/turtlesim/srv/detail/teleport_absolute__rosidl_typesupport_fastrtps_cpp.hpp
[71.011s] -- Installing: /home/wiredauv2024/AUV/WIRED24-25/ros2/install/turtlesim/include/turtlesim/srv/detail/spawn__rosidl_typesupport_fastrtps_cpp.hpp
[71.011s] -- Installing: /home/wiredauv2024/AUV/WIRED24-25/ros2/install/turtlesim/include/turtlesim/srv/detail/kill__rosidl_typesupport_fastrtps_cpp.hpp
[71.011s] -- Installing: /home/wiredauv2024/AUV/WIRED24-25/ros2/install/turtlesim/include/turtlesim/srv/detail/teleport_relative__rosidl_typesupport_fastrtps_cpp.hpp
[71.012s] -- Installing: /home/wiredauv2024/AUV/WIRED24-25/ros2/install/turtlesim/include/turtlesim/srv/detail/set_pen__rosidl_typesupport_fastrtps_cpp.hpp
[71.012s] -- Installing: /home/wiredauv2024/AUV/WIRED24-25/ros2/install/turtlesim/include/turtlesim/srv/detail/dds_fastrtps
[71.013s] -- Up-to-date: /home/wiredauv2024/AUV/WIRED24-25/ros2/install/turtlesim/include/turtlesim/action
[71.013s] -- Up-to-date: /home/wiredauv2024/AUV/WIRED24-25/ros2/install/turtlesim/include/turtlesim/action/detail
[71.013s] -- Installing: /home/wiredauv2024/AUV/WIRED24-25/ros2/install/turtlesim/include/turtlesim/action/detail/rotate_absolute__rosidl_typesupport_fastrtps_cpp.hpp
[71.014s] -- Installing: /home/wiredauv2024/AUV/WIRED24-25/ros2/install/turtlesim/include/turtlesim/action/detail/dds_fastrtps
[71.014s] -- Installing: /home/wiredauv2024/AUV/WIRED24-25/ros2/install/turtlesim/lib/libturtlesim__rosidl_typesupport_fastrtps_cpp.so
[71.015s] -- Set runtime path of "/home/wiredauv2024/AUV/WIRED24-25/ros2/install/turtlesim/lib/libturtlesim__rosidl_typesupport_fastrtps_cpp.so" to ""
[71.015s] -- Up-to-date: /home/wiredauv2024/AUV/WIRED24-25/ros2/install/turtlesim/include/turtlesim
[71.016s] -- Up-to-date: /home/wiredauv2024/AUV/WIRED24-25/ros2/install/turtlesim/include/turtlesim/msg
[71.016s] -- Up-to-date: /home/wiredauv2024/AUV/WIRED24-25/ros2/install/turtlesim/include/turtlesim/msg/detail
[71.016s] -- Installing: /home/wiredauv2024/AUV/WIRED24-25/ros2/install/turtlesim/include/turtlesim/msg/detail/color__type_support.c
[71.017s] -- Installing: /home/wiredauv2024/AUV/WIRED24-25/ros2/install/turtlesim/include/turtlesim/msg/detail/pose__rosidl_typesupport_introspection_c.h
[71.017s] -- Installing: /home/wiredauv2024/AUV/WIRED24-25/ros2/install/turtlesim/include/turtlesim/msg/detail/color__rosidl_typesupport_introspection_c.h
[71.017s] -- Installing: /home/wiredauv2024/AUV/WIRED24-25/ros2/install/turtlesim/include/turtlesim/msg/detail/pose__type_support.c
[71.018s] -- Installing: /home/wiredauv2024/AUV/WIRED24-25/ros2/install/turtlesim/include/turtlesim/msg/rosidl_typesupport_introspection_c__visibility_control.h
[71.018s] -- Up-to-date: /home/wiredauv2024/AUV/WIRED24-25/ros2/install/turtlesim/include/turtlesim/srv
[71.019s] -- Up-to-date: /home/wiredauv2024/AUV/WIRED24-25/ros2/install/turtlesim/include/turtlesim/srv/detail
[71.019s] -- Installing: /home/wiredauv2024/AUV/WIRED24-25/ros2/install/turtlesim/include/turtlesim/srv/detail/set_pen__type_support.c
[71.019s] -- Installing: /home/wiredauv2024/AUV/WIRED24-25/ros2/install/turtlesim/include/turtlesim/srv/detail/teleport_relative__rosidl_typesupport_introspection_c.h
[71.020s] -- Installing: /home/wiredauv2024/AUV/WIRED24-25/ros2/install/turtlesim/include/turtlesim/srv/detail/teleport_absolute__rosidl_typesupport_introspection_c.h
[71.020s] -- Installing: /home/wiredauv2024/AUV/WIRED24-25/ros2/install/turtlesim/include/turtlesim/srv/detail/kill__type_support.c
[71.021s] -- Installing: /home/wiredauv2024/AUV/WIRED24-25/ros2/install/turtlesim/include/turtlesim/srv/detail/teleport_absolute__type_support.c
[71.021s] -- Installing: /home/wiredauv2024/AUV/WIRED24-25/ros2/install/turtlesim/include/turtlesim/srv/detail/kill__rosidl_typesupport_introspection_c.h
[71.022s] -- Installing: /home/wiredauv2024/AUV/WIRED24-25/ros2/install/turtlesim/include/turtlesim/srv/detail/spawn__type_support.c
[71.023s] -- Installing: /home/wiredauv2024/AUV/WIRED24-25/ros2/install/turtlesim/include/turtlesim/srv/detail/teleport_relative__type_support.c
[71.023s] -- Installing: /home/wiredauv2024/AUV/WIRED24-25/ros2/install/turtlesim/include/turtlesim/srv/detail/spawn__rosidl_typesupport_introspection_c.h
[71.024s] -- Installing: /home/wiredauv2024/AUV/WIRED24-25/ros2/install/turtlesim/include/turtlesim/srv/detail/set_pen__rosidl_typesupport_introspection_c.h
[71.025s] -- Up-to-date: /home/wiredauv2024/AUV/WIRED24-25/ros2/install/turtlesim/include/turtlesim/action
[71.025s] -- Up-to-date: /home/wiredauv2024/AUV/WIRED24-25/ros2/install/turtlesim/include/turtlesim/action/detail
[71.025s] -- Installing: /home/wiredauv2024/AUV/WIRED24-25/ros2/install/turtlesim/include/turtlesim/action/detail/rotate_absolute__type_support.c
[71.026s] -- Installing: /home/wiredauv2024/AUV/WIRED24-25/ros2/install/turtlesim/include/turtlesim/action/detail/rotate_absolute__rosidl_typesupport_introspection_c.h
[71.026s] -- Installing: /home/wiredauv2024/AUV/WIRED24-25/ros2/install/turtlesim/lib/libturtlesim__rosidl_typesupport_introspection_c.so
[71.027s] -- Set runtime path of "/home/wiredauv2024/AUV/WIRED24-25/ros2/install/turtlesim/lib/libturtlesim__rosidl_typesupport_introspection_c.so" to ""
[71.027s] -- Installing: /home/wiredauv2024/AUV/WIRED24-25/ros2/install/turtlesim/lib/libturtlesim__rosidl_typesupport_c.so
[71.028s] -- Set runtime path of "/home/wiredauv2024/AUV/WIRED24-25/ros2/install/turtlesim/lib/libturtlesim__rosidl_typesupport_c.so" to ""
[71.029s] -- Up-to-date: /home/wiredauv2024/AUV/WIRED24-25/ros2/install/turtlesim/include/turtlesim
[71.029s] -- Up-to-date: /home/wiredauv2024/AUV/WIRED24-25/ros2/install/turtlesim/include/turtlesim/msg
[71.029s] -- Up-to-date: /home/wiredauv2024/AUV/WIRED24-25/ros2/install/turtlesim/include/turtlesim/msg/detail
[71.029s] -- Installing: /home/wiredauv2024/AUV/WIRED24-25/ros2/install/turtlesim/include/turtlesim/msg/detail/pose__builder.hpp
[71.030s] -- Installing: /home/wiredauv2024/AUV/WIRED24-25/ros2/install/turtlesim/include/turtlesim/msg/detail/color__struct.hpp
[71.030s] -- Installing: /home/wiredauv2024/AUV/WIRED24-25/ros2/install/turtlesim/include/turtlesim/msg/detail/pose__traits.hpp
[71.030s] -- Installing: /home/wiredauv2024/AUV/WIRED24-25/ros2/install/turtlesim/include/turtlesim/msg/detail/color__builder.hpp
[71.031s] -- Installing: /home/wiredauv2024/AUV/WIRED24-25/ros2/install/turtlesim/include/turtlesim/msg/detail/pose__struct.hpp
[71.031s] -- Installing: /home/wiredauv2024/AUV/WIRED24-25/ros2/install/turtlesim/include/turtlesim/msg/detail/color__traits.hpp
[71.032s] -- Installing: /home/wiredauv2024/AUV/WIRED24-25/ros2/install/turtlesim/include/turtlesim/msg/color.hpp
[71.032s] -- Installing: /home/wiredauv2024/AUV/WIRED24-25/ros2/install/turtlesim/include/turtlesim/msg/pose.hpp
[71.033s] -- Up-to-date: /home/wiredauv2024/AUV/WIRED24-25/ros2/install/turtlesim/include/turtlesim/srv
[71.033s] -- Installing: /home/wiredauv2024/AUV/WIRED24-25/ros2/install/turtlesim/include/turtlesim/srv/teleport_relative.hpp
[71.033s] -- Up-to-date: /home/wiredauv2024/AUV/WIRED24-25/ros2/install/turtlesim/include/turtlesim/srv/detail
[71.034s] -- Installing: /home/wiredauv2024/AUV/WIRED24-25/ros2/install/turtlesim/include/turtlesim/srv/detail/set_pen__builder.hpp
[71.034s] -- Installing: /home/wiredauv2024/AUV/WIRED24-25/ros2/install/turtlesim/include/turtlesim/srv/detail/set_pen__struct.hpp
[71.035s] -- Installing: /home/wiredauv2024/AUV/WIRED24-25/ros2/install/turtlesim/include/turtlesim/srv/detail/spawn__traits.hpp
[71.035s] -- Installing: /home/wiredauv2024/AUV/WIRED24-25/ros2/install/turtlesim/include/turtlesim/srv/detail/teleport_relative__struct.hpp
[71.036s] -- Installing: /home/wiredauv2024/AUV/WIRED24-25/ros2/install/turtlesim/include/turtlesim/srv/detail/kill__struct.hpp
[71.036s] -- Installing: /home/wiredauv2024/AUV/WIRED24-25/ros2/install/turtlesim/include/turtlesim/srv/detail/kill__traits.hpp
[71.037s] -- Installing: /home/wiredauv2024/AUV/WIRED24-25/ros2/install/turtlesim/include/turtlesim/srv/detail/teleport_relative__builder.hpp
[71.037s] -- Installing: /home/wiredauv2024/AUV/WIRED24-25/ros2/install/turtlesim/include/turtlesim/srv/detail/spawn__builder.hpp
[71.037s] -- Installing: /home/wiredauv2024/AUV/WIRED24-25/ros2/install/turtlesim/include/turtlesim/srv/detail/teleport_absolute__builder.hpp
[71.038s] -- Installing: /home/wiredauv2024/AUV/WIRED24-25/ros2/install/turtlesim/include/turtlesim/srv/detail/spawn__struct.hpp
[71.039s] -- Installing: /home/wiredauv2024/AUV/WIRED24-25/ros2/install/turtlesim/include/turtlesim/srv/detail/teleport_relative__traits.hpp
[71.039s] -- Installing: /home/wiredauv2024/AUV/WIRED24-25/ros2/install/turtlesim/include/turtlesim/srv/detail/teleport_absolute__traits.hpp
[71.040s] -- Installing: /home/wiredauv2024/AUV/WIRED24-25/ros2/install/turtlesim/include/turtlesim/srv/detail/kill__builder.hpp
[71.040s] -- Installing: /home/wiredauv2024/AUV/WIRED24-25/ros2/install/turtlesim/include/turtlesim/srv/detail/set_pen__traits.hpp
[71.041s] -- Installing: /home/wiredauv2024/AUV/WIRED24-25/ros2/install/turtlesim/include/turtlesim/srv/detail/teleport_absolute__struct.hpp
[71.041s] -- Installing: /home/wiredauv2024/AUV/WIRED24-25/ros2/install/turtlesim/include/turtlesim/srv/kill.hpp
[71.042s] -- Installing: /home/wiredauv2024/AUV/WIRED24-25/ros2/install/turtlesim/include/turtlesim/srv/spawn.hpp
[71.042s] -- Installing: /home/wiredauv2024/AUV/WIRED24-25/ros2/install/turtlesim/include/turtlesim/srv/set_pen.hpp
[71.042s] -- Installing: /home/wiredauv2024/AUV/WIRED24-25/ros2/install/turtlesim/include/turtlesim/srv/teleport_absolute.hpp
[71.043s] -- Up-to-date: /home/wiredauv2024/AUV/WIRED24-25/ros2/install/turtlesim/include/turtlesim/action
[71.043s] -- Up-to-date: /home/wiredauv2024/AUV/WIRED24-25/ros2/install/turtlesim/include/turtlesim/action/detail
[71.043s] -- Installing: /home/wiredauv2024/AUV/WIRED24-25/ros2/install/turtlesim/include/turtlesim/action/detail/rotate_absolute__traits.hpp
[71.044s] -- Installing: /home/wiredauv2024/AUV/WIRED24-25/ros2/install/turtlesim/include/turtlesim/action/detail/rotate_absolute__struct.hpp
[71.045s] -- Installing: /home/wiredauv2024/AUV/WIRED24-25/ros2/install/turtlesim/include/turtlesim/action/detail/rotate_absolute__builder.hpp
[71.045s] -- Installing: /home/wiredauv2024/AUV/WIRED24-25/ros2/install/turtlesim/include/turtlesim/action/rotate_absolute.hpp
[71.046s] -- Up-to-date: /home/wiredauv2024/AUV/WIRED24-25/ros2/install/turtlesim/include/turtlesim
[71.046s] -- Up-to-date: /home/wiredauv2024/AUV/WIRED24-25/ros2/install/turtlesim/include/turtlesim/msg
[71.047s] -- Up-to-date: /home/wiredauv2024/AUV/WIRED24-25/ros2/install/turtlesim/include/turtlesim/msg/detail
[71.047s] -- Installing: /home/wiredauv2024/AUV/WIRED24-25/ros2/install/turtlesim/include/turtlesim/msg/detail/pose__type_support.cpp
[71.047s] -- Installing: /home/wiredauv2024/AUV/WIRED24-25/ros2/install/turtlesim/include/turtlesim/msg/detail/color__type_support.cpp
[71.047s] -- Installing: /home/wiredauv2024/AUV/WIRED24-25/ros2/install/turtlesim/include/turtlesim/msg/detail/pose__rosidl_typesupport_introspection_cpp.hpp
[71.048s] -- Installing: /home/wiredauv2024/AUV/WIRED24-25/ros2/install/turtlesim/include/turtlesim/msg/detail/color__rosidl_typesupport_introspection_cpp.hpp
[71.048s] -- Up-to-date: /home/wiredauv2024/AUV/WIRED24-25/ros2/install/turtlesim/include/turtlesim/srv
[71.049s] -- Up-to-date: /home/wiredauv2024/AUV/WIRED24-25/ros2/install/turtlesim/include/turtlesim/srv/detail
[71.049s] -- Installing: /home/wiredauv2024/AUV/WIRED24-25/ros2/install/turtlesim/include/turtlesim/srv/detail/teleport_absolute__rosidl_typesupport_introspection_cpp.hpp
[71.049s] -- Installing: /home/wiredauv2024/AUV/WIRED24-25/ros2/install/turtlesim/include/turtlesim/srv/detail/kill__rosidl_typesupport_introspection_cpp.hpp
[71.050s] -- Installing: /home/wiredauv2024/AUV/WIRED24-25/ros2/install/turtlesim/include/turtlesim/srv/detail/kill__type_support.cpp
[71.050s] -- Installing: /home/wiredauv2024/AUV/WIRED24-25/ros2/install/turtlesim/include/turtlesim/srv/detail/teleport_absolute__type_support.cpp
[71.051s] -- Installing: /home/wiredauv2024/AUV/WIRED24-25/ros2/install/turtlesim/include/turtlesim/srv/detail/spawn__rosidl_typesupport_introspection_cpp.hpp
[71.051s] -- Installing: /home/wiredauv2024/AUV/WIRED24-25/ros2/install/turtlesim/include/turtlesim/srv/detail/teleport_relative__rosidl_typesupport_introspection_cpp.hpp
[71.052s] -- Installing: /home/wiredauv2024/AUV/WIRED24-25/ros2/install/turtlesim/include/turtlesim/srv/detail/set_pen__rosidl_typesupport_introspection_cpp.hpp
[71.052s] -- Installing: /home/wiredauv2024/AUV/WIRED24-25/ros2/install/turtlesim/include/turtlesim/srv/detail/spawn__type_support.cpp
[71.053s] -- Installing: /home/wiredauv2024/AUV/WIRED24-25/ros2/install/turtlesim/include/turtlesim/srv/detail/teleport_relative__type_support.cpp
[71.054s] -- Installing: /home/wiredauv2024/AUV/WIRED24-25/ros2/install/turtlesim/include/turtlesim/srv/detail/set_pen__type_support.cpp
[71.054s] -- Up-to-date: /home/wiredauv2024/AUV/WIRED24-25/ros2/install/turtlesim/include/turtlesim/action
[71.055s] -- Up-to-date: /home/wiredauv2024/AUV/WIRED24-25/ros2/install/turtlesim/include/turtlesim/action/detail
[71.055s] -- Installing: /home/wiredauv2024/AUV/WIRED24-25/ros2/install/turtlesim/include/turtlesim/action/detail/rotate_absolute__type_support.cpp
[71.056s] -- Installing: /home/wiredauv2024/AUV/WIRED24-25/ros2/install/turtlesim/include/turtlesim/action/detail/rotate_absolute__rosidl_typesupport_introspection_cpp.hpp
[71.057s] -- Installing: /home/wiredauv2024/AUV/WIRED24-25/ros2/install/turtlesim/lib/libturtlesim__rosidl_typesupport_introspection_cpp.so
[71.059s] -- Set runtime path of "/home/wiredauv2024/AUV/WIRED24-25/ros2/install/turtlesim/lib/libturtlesim__rosidl_typesupport_introspection_cpp.so" to ""
[71.059s] -- Installing: /home/wiredauv2024/AUV/WIRED24-25/ros2/install/turtlesim/lib/libturtlesim__rosidl_typesupport_cpp.so
[71.060s] -- Set runtime path of "/home/wiredauv2024/AUV/WIRED24-25/ros2/install/turtlesim/lib/libturtlesim__rosidl_typesupport_cpp.so" to ""
[71.061s] -- Installing: /home/wiredauv2024/AUV/WIRED24-25/ros2/install/turtlesim/share/turtlesim/environment/pythonpath.sh
[71.061s] -- Installing: /home/wiredauv2024/AUV/WIRED24-25/ros2/install/turtlesim/share/turtlesim/environment/pythonpath.dsv
[71.062s] -- Installing: /home/wiredauv2024/AUV/WIRED24-25/ros2/install/turtlesim/lib/python3.8/site-packages/turtlesim/__init__.py
[71.421s] Compiling '/home/wiredauv2024/AUV/WIRED24-25/ros2/install/turtlesim/lib/python3.8/site-packages/turtlesim/__init__.py'...
[71.436s] -- Installing: /home/wiredauv2024/AUV/WIRED24-25/ros2/install/turtlesim/lib/python3.8/site-packages/turtlesim/action
[71.436s] -- Installing: /home/wiredauv2024/AUV/WIRED24-25/ros2/install/turtlesim/lib/python3.8/site-packages/turtlesim/action/_rotate_absolute_s.c
[71.436s] -- Installing: /home/wiredauv2024/AUV/WIRED24-25/ros2/install/turtlesim/lib/python3.8/site-packages/turtlesim/action/_rotate_absolute.py
[71.575s] -- Installing: /home/wiredauv2024/AUV/WIRED24-25/ros2/install/turtlesim/lib/python3.8/site-packages/turtlesim/action/__init__.py
[71.576s] -- Installing: /home/wiredauv2024/AUV/WIRED24-25/ros2/install/turtlesim/lib/python3.8/site-packages/turtlesim/msg
[71.576s] -- Installing: /home/wiredauv2024/AUV/WIRED24-25/ros2/install/turtlesim/lib/python3.8/site-packages/turtlesim/msg/_color_s.c
[71.577s] -- Installing: /home/wiredauv2024/AUV/WIRED24-25/ros2/install/turtlesim/lib/python3.8/site-packages/turtlesim/msg/_color.py
[71.577s] -- Installing: /home/wiredauv2024/AUV/WIRED24-25/ros2/install/turtlesim/lib/python3.8/site-packages/turtlesim/msg/_pose.py
[71.577s] -- Installing: /home/wiredauv2024/AUV/WIRED24-25/ros2/install/turtlesim/lib/python3.8/site-packages/turtlesim/msg/_pose_s.c
[71.578s] -- Installing: /home/wiredauv2024/AUV/WIRED24-25/ros2/install/turtlesim/lib/python3.8/site-packages/turtlesim/msg/__init__.py
[71.578s] -- Installing: /home/wiredauv2024/AUV/WIRED24-25/ros2/install/turtlesim/lib/python3.8/site-packages/turtlesim/srv
[71.579s] -- Installing: /home/wiredauv2024/AUV/WIRED24-25/ros2/install/turtlesim/lib/python3.8/site-packages/turtlesim/srv/_teleport_absolute.py
[71.579s] -- Installing: /home/wiredauv2024/AUV/WIRED24-25/ros2/install/turtlesim/lib/python3.8/site-packages/turtlesim/srv/_teleport_relative.py
[71.580s] -- Installing: /home/wiredauv2024/AUV/WIRED24-25/ros2/install/turtlesim/lib/python3.8/site-packages/turtlesim/srv/_teleport_relative_s.c
[71.580s] -- Installing: /home/wiredauv2024/AUV/WIRED24-25/ros2/install/turtlesim/lib/python3.8/site-packages/turtlesim/srv/_kill_s.c
[71.580s] -- Installing: /home/wiredauv2024/AUV/WIRED24-25/ros2/install/turtlesim/lib/python3.8/site-packages/turtlesim/srv/_kill.py
[71.581s] -- Installing: /home/wiredauv2024/AUV/WIRED24-25/ros2/install/turtlesim/lib/python3.8/site-packages/turtlesim/srv/_set_pen_s.c
[71.581s] -- Installing: /home/wiredauv2024/AUV/WIRED24-25/ros2/install/turtlesim/lib/python3.8/site-packages/turtlesim/srv/_set_pen.py
[71.582s] -- Installing: /home/wiredauv2024/AUV/WIRED24-25/ros2/install/turtlesim/lib/python3.8/site-packages/turtlesim/srv/_spawn_s.c
[71.582s] -- Installing: /home/wiredauv2024/AUV/WIRED24-25/ros2/install/turtlesim/lib/python3.8/site-packages/turtlesim/srv/_teleport_absolute_s.c
[71.582s] -- Installing: /home/wiredauv2024/AUV/WIRED24-25/ros2/install/turtlesim/lib/python3.8/site-packages/turtlesim/srv/__init__.py
[71.583s] -- Installing: /home/wiredauv2024/AUV/WIRED24-25/ros2/install/turtlesim/lib/python3.8/site-packages/turtlesim/srv/_spawn.py
[71.584s] -- Installing: /home/wiredauv2024/AUV/WIRED24-25/ros2/install/turtlesim/lib/python3.8/site-packages/turtlesim/turtlesim_s__rosidl_typesupport_fastrtps_c.cpython-38-aarch64-linux-gnu.so
[71.585s] -- Set runtime path of "/home/wiredauv2024/AUV/WIRED24-25/ros2/install/turtlesim/lib/python3.8/site-packages/turtlesim/turtlesim_s__rosidl_typesupport_fastrtps_c.cpython-38-aarch64-linux-gnu.so" to ""
[71.585s] -- Installing: /home/wiredauv2024/AUV/WIRED24-25/ros2/install/turtlesim/lib/python3.8/site-packages/turtlesim/turtlesim_s__rosidl_typesupport_introspection_c.cpython-38-aarch64-linux-gnu.so
[71.586s] -- Set runtime path of "/home/wiredauv2024/AUV/WIRED24-25/ros2/install/turtlesim/lib/python3.8/site-packages/turtlesim/turtlesim_s__rosidl_typesupport_introspection_c.cpython-38-aarch64-linux-gnu.so" to ""
[71.587s] -- Installing: /home/wiredauv2024/AUV/WIRED24-25/ros2/install/turtlesim/lib/python3.8/site-packages/turtlesim/turtlesim_s__rosidl_typesupport_c.cpython-38-aarch64-linux-gnu.so
[71.588s] -- Set runtime path of "/home/wiredauv2024/AUV/WIRED24-25/ros2/install/turtlesim/lib/python3.8/site-packages/turtlesim/turtlesim_s__rosidl_typesupport_c.cpython-38-aarch64-linux-gnu.so" to ""
[71.588s] -- Installing: /home/wiredauv2024/AUV/WIRED24-25/ros2/install/turtlesim/lib/libturtlesim__python.so
[71.589s] -- Set runtime path of "/home/wiredauv2024/AUV/WIRED24-25/ros2/install/turtlesim/lib/libturtlesim__python.so" to ""
[71.589s] -- Installing: /home/wiredauv2024/AUV/WIRED24-25/ros2/install/turtlesim/share/turtlesim/action/RotateAbsolute.idl
[71.590s] -- Installing: /home/wiredauv2024/AUV/WIRED24-25/ros2/install/turtlesim/share/turtlesim/msg/Color.idl
[71.590s] -- Installing: /home/wiredauv2024/AUV/WIRED24-25/ros2/install/turtlesim/share/turtlesim/msg/Pose.idl
[71.591s] -- Installing: /home/wiredauv2024/AUV/WIRED24-25/ros2/install/turtlesim/share/turtlesim/srv/Kill.idl
[71.591s] -- Installing: /home/wiredauv2024/AUV/WIRED24-25/ros2/install/turtlesim/share/turtlesim/srv/SetPen.idl
[71.592s] -- Installing: /home/wiredauv2024/AUV/WIRED24-25/ros2/install/turtlesim/share/turtlesim/srv/Spawn.idl
[71.593s] -- Installing: /home/wiredauv2024/AUV/WIRED24-25/ros2/install/turtlesim/share/turtlesim/srv/TeleportAbsolute.idl
[71.593s] -- Installing: /home/wiredauv2024/AUV/WIRED24-25/ros2/install/turtlesim/share/turtlesim/srv/TeleportRelative.idl
[71.594s] -- Installing: /home/wiredauv2024/AUV/WIRED24-25/ros2/install/turtlesim/share/turtlesim/action/RotateAbsolute.action
[71.594s] -- Installing: /home/wiredauv2024/AUV/WIRED24-25/ros2/install/turtlesim/share/turtlesim/msg/Color.msg
[71.595s] -- Installing: /home/wiredauv2024/AUV/WIRED24-25/ros2/install/turtlesim/share/turtlesim/msg/Pose.msg
[71.595s] -- Installing: /home/wiredauv2024/AUV/WIRED24-25/ros2/install/turtlesim/share/turtlesim/srv/Kill.srv
[71.596s] -- Installing: /home/wiredauv2024/AUV/WIRED24-25/ros2/install/turtlesim/share/turtlesim/srv/Kill_Request.msg
[71.597s] -- Installing: /home/wiredauv2024/AUV/WIRED24-25/ros2/install/turtlesim/share/turtlesim/srv/Kill_Response.msg
[71.597s] -- Installing: /home/wiredauv2024/AUV/WIRED24-25/ros2/install/turtlesim/share/turtlesim/srv/SetPen.srv
[71.598s] -- Installing: /home/wiredauv2024/AUV/WIRED24-25/ros2/install/turtlesim/share/turtlesim/srv/SetPen_Request.msg
[71.598s] -- Installing: /home/wiredauv2024/AUV/WIRED24-25/ros2/install/turtlesim/share/turtlesim/srv/SetPen_Response.msg
[71.599s] -- Installing: /home/wiredauv2024/AUV/WIRED24-25/ros2/install/turtlesim/share/turtlesim/srv/Spawn.srv
[71.599s] -- Installing: /home/wiredauv2024/AUV/WIRED24-25/ros2/install/turtlesim/share/turtlesim/srv/Spawn_Request.msg
[71.600s] -- Installing: /home/wiredauv2024/AUV/WIRED24-25/ros2/install/turtlesim/share/turtlesim/srv/Spawn_Response.msg
[71.601s] -- Installing: /home/wiredauv2024/AUV/WIRED24-25/ros2/install/turtlesim/share/turtlesim/srv/TeleportAbsolute.srv
[71.601s] -- Installing: /home/wiredauv2024/AUV/WIRED24-25/ros2/install/turtlesim/share/turtlesim/srv/TeleportAbsolute_Request.msg
[71.602s] -- Installing: /home/wiredauv2024/AUV/WIRED24-25/ros2/install/turtlesim/share/turtlesim/srv/TeleportAbsolute_Response.msg
[71.602s] -- Installing: /home/wiredauv2024/AUV/WIRED24-25/ros2/install/turtlesim/share/turtlesim/srv/TeleportRelative.srv
[71.603s] -- Installing: /home/wiredauv2024/AUV/WIRED24-25/ros2/install/turtlesim/share/turtlesim/srv/TeleportRelative_Request.msg
[71.604s] -- Installing: /home/wiredauv2024/AUV/WIRED24-25/ros2/install/turtlesim/share/turtlesim/srv/TeleportRelative_Response.msg
[71.604s] -- Installing: /home/wiredauv2024/AUV/WIRED24-25/ros2/install/turtlesim/lib/turtlesim/turtlesim_node
[71.619s] -- Set runtime path of "/home/wiredauv2024/AUV/WIRED24-25/ros2/install/turtlesim/lib/turtlesim/turtlesim_node" to ""
[71.619s] -- Installing: /home/wiredauv2024/AUV/WIRED24-25/ros2/install/turtlesim/lib/turtlesim/turtle_teleop_key
[71.623s] -- Set runtime path of "/home/wiredauv2024/AUV/WIRED24-25/ros2/install/turtlesim/lib/turtlesim/turtle_teleop_key" to ""
[71.623s] -- Installing: /home/wiredauv2024/AUV/WIRED24-25/ros2/install/turtlesim/lib/turtlesim/draw_square
[71.631s] -- Set runtime path of "/home/wiredauv2024/AUV/WIRED24-25/ros2/install/turtlesim/lib/turtlesim/draw_square" to ""
[71.631s] -- Installing: /home/wiredauv2024/AUV/WIRED24-25/ros2/install/turtlesim/lib/turtlesim/mimic
[71.638s] -- Set runtime path of "/home/wiredauv2024/AUV/WIRED24-25/ros2/install/turtlesim/lib/turtlesim/mimic" to ""
[71.639s] -- Installing: /home/wiredauv2024/AUV/WIRED24-25/ros2/install/turtlesim/share/turtlesim/images
[71.639s] -- Installing: /home/wiredauv2024/AUV/WIRED24-25/ros2/install/turtlesim/share/turtlesim/images/crystal.png
[71.776s] -- Installing: /home/wiredauv2024/AUV/WIRED24-25/ros2/install/turtlesim/share/turtlesim/images/foxy.png
[71.777s] -- Installing: /home/wiredauv2024/AUV/WIRED24-25/ros2/install/turtlesim/share/turtlesim/images/bouncy.png
[71.777s] -- Installing: /home/wiredauv2024/AUV/WIRED24-25/ros2/install/turtlesim/share/turtlesim/images/dashing.png
[71.778s] -- Installing: /home/wiredauv2024/AUV/WIRED24-25/ros2/install/turtlesim/share/turtlesim/images/ardent.png
[71.778s] -- Installing: /home/wiredauv2024/AUV/WIRED24-25/ros2/install/turtlesim/share/turtlesim/images/galactic.png
[71.779s] -- Installing: /home/wiredauv2024/AUV/WIRED24-25/ros2/install/turtlesim/share/turtlesim/images/eloquent.png
[71.779s] -- Installing: /home/wiredauv2024/AUV/WIRED24-25/ros2/install/turtlesim/share/turtlesim/launch
[71.780s] -- Installing: /home/wiredauv2024/AUV/WIRED24-25/ros2/install/turtlesim/share/turtlesim/launch/multisim.launch.py
[71.780s] -- Installing: /home/wiredauv2024/AUV/WIRED24-25/ros2/install/turtlesim/share/ament_index/resource_index/package_run_dependencies/turtlesim
[71.781s] -- Installing: /home/wiredauv2024/AUV/WIRED24-25/ros2/install/turtlesim/share/ament_index/resource_index/parent_prefix_path/turtlesim
[71.783s] -- Installing: /home/wiredauv2024/AUV/WIRED24-25/ros2/install/turtlesim/share/turtlesim/environment/ament_prefix_path.sh
[71.784s] -- Installing: /home/wiredauv2024/AUV/WIRED24-25/ros2/install/turtlesim/share/turtlesim/environment/ament_prefix_path.dsv
[71.784s] -- Installing: /home/wiredauv2024/AUV/WIRED24-25/ros2/install/turtlesim/share/turtlesim/environment/path.sh
[71.785s] -- Installing: /home/wiredauv2024/AUV/WIRED24-25/ros2/install/turtlesim/share/turtlesim/environment/path.dsv
[71.786s] -- Installing: /home/wiredauv2024/AUV/WIRED24-25/ros2/install/turtlesim/share/turtlesim/local_setup.bash
[71.786s] -- Installing: /home/wiredauv2024/AUV/WIRED24-25/ros2/install/turtlesim/share/turtlesim/local_setup.sh
[71.787s] -- Installing: /home/wiredauv2024/AUV/WIRED24-25/ros2/install/turtlesim/share/turtlesim/local_setup.zsh
[71.787s] -- Installing: /home/wiredauv2024/AUV/WIRED24-25/ros2/install/turtlesim/share/turtlesim/local_setup.dsv
[71.788s] -- Installing: /home/wiredauv2024/AUV/WIRED24-25/ros2/install/turtlesim/share/turtlesim/package.dsv
[71.789s] -- Installing: /home/wiredauv2024/AUV/WIRED24-25/ros2/install/turtlesim/share/ament_index/resource_index/packages/turtlesim
[71.789s] -- Installing: /home/wiredauv2024/AUV/WIRED24-25/ros2/install/turtlesim/share/turtlesim/cmake/turtlesim__rosidl_generator_cExport.cmake
[71.790s] -- Installing: /home/wiredauv2024/AUV/WIRED24-25/ros2/install/turtlesim/share/turtlesim/cmake/turtlesim__rosidl_generator_cExport-noconfig.cmake
[71.791s] -- Installing: /home/wiredauv2024/AUV/WIRED24-25/ros2/install/turtlesim/share/turtlesim/cmake/turtlesim__rosidl_typesupport_introspection_cExport.cmake
[71.791s] -- Installing: /home/wiredauv2024/AUV/WIRED24-25/ros2/install/turtlesim/share/turtlesim/cmake/turtlesim__rosidl_typesupport_introspection_cExport-noconfig.cmake
[71.792s] -- Installing: /home/wiredauv2024/AUV/WIRED24-25/ros2/install/turtlesim/share/turtlesim/cmake/turtlesim__rosidl_typesupport_cExport.cmake
[71.793s] -- Installing: /home/wiredauv2024/AUV/WIRED24-25/ros2/install/turtlesim/share/turtlesim/cmake/turtlesim__rosidl_typesupport_cExport-noconfig.cmake
[71.793s] -- Installing: /home/wiredauv2024/AUV/WIRED24-25/ros2/install/turtlesim/share/turtlesim/cmake/turtlesim__rosidl_generator_cppExport.cmake
[71.794s] -- Installing: /home/wiredauv2024/AUV/WIRED24-25/ros2/install/turtlesim/share/turtlesim/cmake/turtlesim__rosidl_typesupport_introspection_cppExport.cmake
[71.795s] -- Installing: /home/wiredauv2024/AUV/WIRED24-25/ros2/install/turtlesim/share/turtlesim/cmake/turtlesim__rosidl_typesupport_introspection_cppExport-noconfig.cmake
[71.795s] -- Installing: /home/wiredauv2024/AUV/WIRED24-25/ros2/install/turtlesim/share/turtlesim/cmake/turtlesim__rosidl_typesupport_cppExport.cmake
[71.796s] -- Installing: /home/wiredauv2024/AUV/WIRED24-25/ros2/install/turtlesim/share/turtlesim/cmake/turtlesim__rosidl_typesupport_cppExport-noconfig.cmake
[71.797s] -- Installing: /home/wiredauv2024/AUV/WIRED24-25/ros2/install/turtlesim/share/turtlesim/cmake/rosidl_cmake-extras.cmake
[71.797s] -- Installing: /home/wiredauv2024/AUV/WIRED24-25/ros2/install/turtlesim/share/turtlesim/cmake/ament_cmake_export_dependencies-extras.cmake
[71.798s] -- Installing: /home/wiredauv2024/AUV/WIRED24-25/ros2/install/turtlesim/share/turtlesim/cmake/ament_cmake_export_libraries-extras.cmake
[71.798s] -- Installing: /home/wiredauv2024/AUV/WIRED24-25/ros2/install/turtlesim/share/turtlesim/cmake/ament_cmake_export_targets-extras.cmake
[71.799s] -- Installing: /home/wiredauv2024/AUV/WIRED24-25/ros2/install/turtlesim/share/turtlesim/cmake/ament_cmake_export_include_directories-extras.cmake
[71.800s] -- Installing: /home/wiredauv2024/AUV/WIRED24-25/ros2/install/turtlesim/share/turtlesim/cmake/rosidl_cmake_export_typesupport_libraries-extras.cmake
[71.800s] -- Installing: /home/wiredauv2024/AUV/WIRED24-25/ros2/install/turtlesim/share/turtlesim/cmake/rosidl_cmake_export_typesupport_targets-extras.cmake
[71.801s] -- Installing: /home/wiredauv2024/AUV/WIRED24-25/ros2/install/turtlesim/share/turtlesim/cmake/turtlesimConfig.cmake
[71.801s] -- Installing: /home/wiredauv2024/AUV/WIRED24-25/ros2/install/turtlesim/share/turtlesim/cmake/turtlesimConfig-version.cmake
[71.802s] -- Installing: /home/wiredauv2024/AUV/WIRED24-25/ros2/install/turtlesim/share/turtlesim/package.xml
[71.811s] Invoked command in '/home/wiredauv2024/AUV/WIRED24-25/ros2/build/turtlesim' returned '0': CMAKE_PREFIX_PATH=/opt/ros/galactic /usr/bin/cmake --install /home/wiredauv2024/AUV/WIRED24-25/ros2/build/turtlesim
